New log file opened at Sat Jun 13 21:18:03 ICT 2015 by 4208@crot
Sending msg to client activator-5cec8732-318b-4a20-ae91-cf78dabf7408: DetachedLogEvent(LogMessage(debug,sbt server socket logs are in: D:\workspace-scala\scala-rest\.sbtserver\connections\master.log))
Sending msg to client activator-5cec8732-318b-4a20-ae91-cf78dabf7408: DetachedLogEvent(LogMessage(debug,sbt client logs are in: D:\workspace-scala\scala-rest\.sbtserver\connections\activator-5cec8732-318b-4a20-ae91-cf78dabf7408.log))
Sending msg to client activator-5cec8732-318b-4a20-ae91-cf78dabf7408: DetachedLogEvent(LogMessage(debug,sbt general server logs are in: D:\workspace-scala\scala-rest\.sbtserver\master.log))
Reading next message from client.
Got request: ListenToEvents()
Reading next message from client.
Sending msg to client activator-5cec8732-318b-4a20-ae91-cf78dabf7408: DetachedLogEvent(LogMessage(debug,> --initialize))
Sending msg to client activator-5cec8732-318b-4a20-ae91-cf78dabf7408: (3,ReceivedResponse())
Sending msg to client activator-5cec8732-318b-4a20-ae91-cf78dabf7408: DetachedLogEvent(LogMessage(debug,> initialize))
Sending msg to client activator-5cec8732-318b-4a20-ae91-cf78dabf7408: DetachedLogEvent(LogMessage(debug,> onFailure load-failed))
Sending msg to client activator-5cec8732-318b-4a20-ae91-cf78dabf7408: DetachedLogEvent(LogMessage(debug,> boot))
Sending msg to client activator-5cec8732-318b-4a20-ae91-cf78dabf7408: DetachedLogEvent(LogMessage(debug,> reload))
Sending msg to client activator-5cec8732-318b-4a20-ae91-cf78dabf7408: DetachedLogEvent(LogMessage(debug,[Loading] Scanning directory D:\workspace-scala\scala-rest\project))
Sending msg to client activator-5cec8732-318b-4a20-ae91-cf78dabf7408: DetachedLogEvent(LogMessage(debug,[Loading] Found non-root projects ))
Sending msg to client activator-5cec8732-318b-4a20-ae91-cf78dabf7408: DetachedLogEvent(LogMessage(debug,[Loading] Done in D:\workspace-scala\scala-rest\project, returning: ()))
Sending msg to client activator-5cec8732-318b-4a20-ae91-cf78dabf7408: DetachedLogEvent(LogMessage(debug,deducing auto plugins based on known facts Set(Atom(sbt.plugins.CorePlugin)) and clauses Clauses(List(Clause(Atom(sbt.plugins.JvmPlugin),Set(Atom(sbt.plugins.IvyPlugin))), Clause(Atom(sbt.plugins.JUnitXmlReportPlugin),Set(Atom(sbt.plugins.JvmPlugin))), Clause(Atom(sbt.plugins.CorePlugin),Set(Atom(sbt.plugins.IvyPlugin))), Clause(Atom(sbt.plugins.IvyPlugin),Set(Atom(sbt.plugins.JvmPlugin))), Clause(Atom(sbt.plugins.JvmPlugin),Set(Atom(sbt.plugins.JUnitXmlReportPlugin)))))))
Sending msg to client activator-5cec8732-318b-4a20-ae91-cf78dabf7408: DetachedLogEvent(LogMessage(debug,  :: deduced result: Matched(sbt.plugins.CorePlugin,sbt.plugins.IvyPlugin,sbt.plugins.JvmPlugin,sbt.plugins.JUnitXmlReportPlugin)))
Sending msg to client activator-5cec8732-318b-4a20-ae91-cf78dabf7408: DetachedLogEvent(LogMessage(debug,sorting: ns: List(sbt.plugins.CorePlugin, sbt.plugins.IvyPlugin, sbt.plugins.JvmPlugin, sbt.plugins.JUnitXmlReportPlugin)))
Sending msg to client activator-5cec8732-318b-4a20-ae91-cf78dabf7408: DetachedLogEvent(LogMessage(debug,  :: sorting:: found: List(sbt.plugins.CorePlugin) not found List(sbt.plugins.IvyPlugin, sbt.plugins.JvmPlugin, sbt.plugins.JUnitXmlReportPlugin)))
Sending msg to client activator-5cec8732-318b-4a20-ae91-cf78dabf7408: DetachedLogEvent(LogMessage(debug,  :: sorting:: found: List(sbt.plugins.CorePlugin, sbt.plugins.IvyPlugin) not found List(sbt.plugins.JvmPlugin, sbt.plugins.JUnitXmlReportPlugin)))
Sending msg to client activator-5cec8732-318b-4a20-ae91-cf78dabf7408: DetachedLogEvent(LogMessage(debug,  :: sorting:: found: List(sbt.plugins.CorePlugin, sbt.plugins.IvyPlugin, sbt.plugins.JvmPlugin) not found List(sbt.plugins.JUnitXmlReportPlugin)))
Sending msg to client activator-5cec8732-318b-4a20-ae91-cf78dabf7408: DetachedLogEvent(LogMessage(debug,  :: sorting:: found: List(sbt.plugins.CorePlugin, sbt.plugins.IvyPlugin, sbt.plugins.JvmPlugin, sbt.plugins.JUnitXmlReportPlugin) not found List()))
Sending msg to client activator-5cec8732-318b-4a20-ae91-cf78dabf7408: DetachedLogEvent(LogMessage(debug,  :: sorted deduced result: List(sbt.plugins.CorePlugin, sbt.plugins.IvyPlugin, sbt.plugins.JvmPlugin, sbt.plugins.JUnitXmlReportPlugin)))
Sending msg to client activator-5cec8732-318b-4a20-ae91-cf78dabf7408: DetachedLogEvent(LogMessage(debug,[Loading] Done in D:\workspace-scala\scala-rest\project, returning: (scala-rest-build)))
Sending msg to client activator-5cec8732-318b-4a20-ae91-cf78dabf7408: DetachedLogEvent(LogMessage(info,Loading project definition from D:\workspace-scala\scala-rest\project))
Sending msg to client activator-5cec8732-318b-4a20-ae91-cf78dabf7408: DetachedLogEvent(LogMessage(debug,Running task... Cancel: sbt.TaskCancellationStrategy$Null$@1d3313c, check cycles: false))
Sending msg to client activator-5cec8732-318b-4a20-ae91-cf78dabf7408: DetachedLogEvent(LogMessage(debug,
Initial source changes: 
	removed:Set()
	added: Set()
	modified: Set()
Removed products: Set()
External API changes: API Changes: Set()
Modified binary dependencies: Set()
Initial directly invalidated sources: Set()

Sources indirectly invalidated by:
	product: Set()
	binary dep: Set()
	external source: Set()))
Sending msg to client activator-5cec8732-318b-4a20-ae91-cf78dabf7408: DetachedLogEvent(LogMessage(debug,All initially invalidated sources: Set()
))
Sending msg to client activator-5cec8732-318b-4a20-ae91-cf78dabf7408: DetachedLogEvent(LogMessage(debug,Copy resource mappings: 
	))
Sending msg to client activator-5cec8732-318b-4a20-ae91-cf78dabf7408: DetachedLogEvent(LogMessage(debug,[Loading] Scanning directory D:\workspace-scala\scala-rest))
Sending msg to client activator-5cec8732-318b-4a20-ae91-cf78dabf7408: DetachedLogEvent(LogMessage(debug,[Loading] Found non-root projects ))
Sending msg to client activator-5cec8732-318b-4a20-ae91-cf78dabf7408: DetachedLogEvent(LogMessage(debug,[Loading] Done in D:\workspace-scala\scala-rest, returning: ()))
Sending msg to client activator-5cec8732-318b-4a20-ae91-cf78dabf7408: DetachedLogEvent(LogMessage(debug,deducing auto plugins based on known facts Set(Atom(sbt.plugins.CorePlugin)) and clauses Clauses(List(Clause(Atom(sbt.plugins.JvmPlugin),Set(Atom(sbt.plugins.IvyPlugin))), Clause(Atom(sbt.plugins.JUnitXmlReportPlugin),Set(Atom(sbt.plugins.JvmPlugin))), Clause(Atom(play.sbt.forkrun.PlayForkRun),Set(Atom(sbt.plugins.BackgroundRunPlugin))), Clause(Atom(play.sbt.forkrun.PlayForkRun),Set(Atom(play.Play))), Clause(Atom(play.sbt.forkrun.PlayForkRun),Set(Atom(sbt.plugins.SerializersPlugin))), Clause(Atom(play.Play),Set(Atom(com.typesafe.sbt.webdriver.SbtWebDriver))), Clause(Atom(play.Play),Set(Atom(play.twirl.sbt.SbtTwirl))), Clause(Atom(play.Play),Set(Atom(com.typesafe.sbt.jse.SbtJsTask))), Clause(Atom(play.PlayJava),Set(Atom(play.Play))), Clause(Atom(play.PlayScala),Set(Atom(play.Play))), Clause(Atom(play.twirl.sbt.SbtTwirl),Set(Atom(sbt.plugins.JvmPlugin))), Clause(Atom(com.typesafe.sbt.jse.SbtJsEngine),Set(Atom(com.typesafe.sbt.web.SbtWeb))), Clause(Atom(com.typesafe.sbt.jse.SbtJsTask),Set(Atom(com.typesafe.sbt.jse.SbtJsEngine))), Clause(Atom(com.typesafe.sbt.webdriver.SbtWebDriver),Set(Atom(com.typesafe.sbt.web.SbtWeb))), Clause(Atom(sbt.plugins.BackgroundRunPlugin),Set(Atom(sbt.plugins.JvmPlugin))), Clause(Atom(sbt.plugins.CorePlugin),Set(Atom(sbt.plugins.IvyPlugin))), Clause(Atom(sbt.plugins.IvyPlugin),Set(Atom(sbt.plugins.JvmPlugin))), Clause(Atom(sbt.plugins.JvmPlugin),Set(Atom(sbt.plugins.JUnitXmlReportPlugin))), Clause(And(Set(Atom(sbt.plugins.BackgroundRunPlugin), Atom(play.Play), Atom(sbt.plugins.SerializersPlugin))),Set(Atom(play.sbt.forkrun.PlayForkRun))), Clause(Atom(com.typesafe.sbt.web.SbtWeb),Set(Atom(com.typesafe.sbt.jse.SbtJsEngine))), Clause(Atom(com.typesafe.sbt.jse.SbtJsEngine),Set(Atom(com.typesafe.sbt.jse.SbtJsTask))), Clause(Atom(com.typesafe.sbt.web.SbtWeb),Set(Atom(com.typesafe.sbt.webdriver.SbtWebDriver))), Clause(Atom(sbt.plugins.JvmPlugin),Set(Atom(sbt.plugins.BackgroundRunPlugin))), Clause(Atom(sbt.plugins.CorePlugin),Set(Atom(sbt.plugins.InteractionServicePlugin))), Clause(Atom(sbt.plugins.CorePlugin),Set(Atom(sbt.plugins.SendEventServicePlugin))), Clause(Atom(sbt.plugins.CorePlugin),Set(Atom(sbt.plugins.SerializersPlugin)))))))
Sending msg to client activator-5cec8732-318b-4a20-ae91-cf78dabf7408: DetachedLogEvent(LogMessage(debug,  :: deduced result: Matched(sbt.plugins.CorePlugin,sbt.plugins.SerializersPlugin,sbt.plugins.SendEventServicePlugin,sbt.plugins.InteractionServicePlugin,sbt.plugins.IvyPlugin,sbt.plugins.JvmPlugin,sbt.plugins.BackgroundRunPlugin,sbt.plugins.JUnitXmlReportPlugin)))
Sending msg to client activator-5cec8732-318b-4a20-ae91-cf78dabf7408: DetachedLogEvent(LogMessage(debug,sorting: ns: List(sbt.plugins.CorePlugin, sbt.plugins.SerializersPlugin, sbt.plugins.SendEventServicePlugin, sbt.plugins.InteractionServicePlugin, sbt.plugins.IvyPlugin, sbt.plugins.JvmPlugin, sbt.plugins.BackgroundRunPlugin, sbt.plugins.JUnitXmlReportPlugin)))
Sending msg to client activator-5cec8732-318b-4a20-ae91-cf78dabf7408: DetachedLogEvent(LogMessage(debug,  :: sorting:: found: List(sbt.plugins.CorePlugin) not found List(sbt.plugins.SerializersPlugin, sbt.plugins.SendEventServicePlugin, sbt.plugins.InteractionServicePlugin, sbt.plugins.IvyPlugin, sbt.plugins.JvmPlugin, sbt.plugins.BackgroundRunPlugin, sbt.plugins.JUnitXmlReportPlugin)))
Sending msg to client activator-5cec8732-318b-4a20-ae91-cf78dabf7408: DetachedLogEvent(LogMessage(debug,  :: sorting:: found: List(sbt.plugins.CorePlugin, sbt.plugins.SerializersPlugin, sbt.plugins.SendEventServicePlugin, sbt.plugins.InteractionServicePlugin, sbt.plugins.IvyPlugin) not found List(sbt.plugins.JvmPlugin, sbt.plugins.BackgroundRunPlugin, sbt.plugins.JUnitXmlReportPlugin)))
Sending msg to client activator-5cec8732-318b-4a20-ae91-cf78dabf7408: DetachedLogEvent(LogMessage(debug,  :: sorting:: found: List(sbt.plugins.CorePlugin, sbt.plugins.SerializersPlugin, sbt.plugins.SendEventServicePlugin, sbt.plugins.InteractionServicePlugin, sbt.plugins.IvyPlugin, sbt.plugins.JvmPlugin) not found List(sbt.plugins.BackgroundRunPlugin, sbt.plugins.JUnitXmlReportPlugin)))
Sending msg to client activator-5cec8732-318b-4a20-ae91-cf78dabf7408: DetachedLogEvent(LogMessage(debug,  :: sorting:: found: List(sbt.plugins.CorePlugin, sbt.plugins.SerializersPlugin, sbt.plugins.SendEventServicePlugin, sbt.plugins.InteractionServicePlugin, sbt.plugins.IvyPlugin, sbt.plugins.JvmPlugin, sbt.plugins.BackgroundRunPlugin, sbt.plugins.JUnitXmlReportPlugin) not found List()))
Sending msg to client activator-5cec8732-318b-4a20-ae91-cf78dabf7408: DetachedLogEvent(LogMessage(debug,  :: sorted deduced result: List(sbt.plugins.CorePlugin, sbt.plugins.SerializersPlugin, sbt.plugins.SendEventServicePlugin, sbt.plugins.InteractionServicePlugin, sbt.plugins.IvyPlugin, sbt.plugins.JvmPlugin, sbt.plugins.BackgroundRunPlugin, sbt.plugins.JUnitXmlReportPlugin)))
Sending msg to client activator-5cec8732-318b-4a20-ae91-cf78dabf7408: DetachedLogEvent(LogMessage(debug,[Loading] Done in D:\workspace-scala\scala-rest, returning: (scala-rest)))
Sending msg to client activator-5cec8732-318b-4a20-ae91-cf78dabf7408: DetachedLogEvent(LogMessage(info,Set current project to spray-apr (in build file:/D:/workspace-scala/scala-rest/)))
Sending msg to client activator-5cec8732-318b-4a20-ae91-cf78dabf7408: DetachedLogEvent(LogMessage(info,Reapplying settings...))
Sending msg to client activator-5cec8732-318b-4a20-ae91-cf78dabf7408: DetachedLogEvent(LogMessage(info,Set current project to spray-apr (in build file:/D:/workspace-scala/scala-rest/)))
Sending msg to client activator-5cec8732-318b-4a20-ae91-cf78dabf7408: DetachedLogEvent(LogMessage(debug,> iflast shell))
Sending msg to client activator-5cec8732-318b-4a20-ae91-cf78dabf7408: DetachedLogEvent(LogMessage(debug,> server-send-ready-for-request))
Sending msg to client activator-5cec8732-318b-4a20-ae91-cf78dabf7408: BuildLoaded()
Got request: KeyLookupRequest(name)
Reading next message from client.
Sending msg to client activator-5cec8732-318b-4a20-ae91-cf78dabf7408: DetachedLogEvent(LogMessage(debug,> server-handle-next-server-request))
Sending msg to client activator-5cec8732-318b-4a20-ae91-cf78dabf7408: (4,KeyLookupResponse(name,Vector(AttributeKey[java.lang.String]("name") in Scope(Build: file:/D:/workspace-scala/scala-rest/, , Project: ProjectReference(file:/D:/workspace-scala/scala-rest/,scala-rest)))))
Got request: ListenToValue(AttributeKey[java.lang.String]("name") in Scope(Build: file:/D:/workspace-scala/scala-rest/, , Project: ProjectReference(file:/D:/workspace-scala/scala-rest/,scala-rest)))
Reading next message from client.
Got request: SendSyntheticValueChanged(AttributeKey[java.lang.String]("name") in Scope(Build: file:/D:/workspace-scala/scala-rest/, , Project: ProjectReference(file:/D:/workspace-scala/scala-rest/,scala-rest)))
Reading next message from client.
Sending msg to client activator-5cec8732-318b-4a20-ae91-cf78dabf7408: ExecutionWaiting(1,{file:/D:/workspace-scala/scala-rest/}scala-rest/compile:discoveredMainClasses,ClientInfo(3a220bc8-a237-4161-a89a-3c5b0c083ed8,activator,Activator,1,Vector()))
Sending msg to client activator-5cec8732-318b-4a20-ae91-cf78dabf7408: ExecutionStarting(1)
Sending msg to client activator-5cec8732-318b-4a20-ae91-cf78dabf7408: DetachedLogEvent(LogMessage(debug,> {file:/D:/workspace-scala/scala-rest/}scala-rest/compile:discoveredMainClasses))
Sending msg to client activator-5cec8732-318b-4a20-ae91-cf78dabf7408: ExecutionWaiting(2,{file:/D:/workspace-scala/scala-rest/}scala-rest/compile:mainClass,ClientInfo(3a220bc8-a237-4161-a89a-3c5b0c083ed8,activator,Activator,1,Vector()))
Sending msg to client activator-5cec8732-318b-4a20-ae91-cf78dabf7408: DetachedLogEvent(LogMessage(debug,Evaluating tasks: compile:discoveredMainClasses))
Sending msg to client activator-5cec8732-318b-4a20-ae91-cf78dabf7408: ValueChanged(AttributeKey[java.lang.String]("name") in Scope(Build: file:/D:/workspace-scala/scala-rest/, , Project: ProjectReference(file:/D:/workspace-scala/scala-rest/,scala-rest)),TaskSuccess(BuildValue(LazyValue(spray-apr,scala.pickling.PicklerUnpickler$DelegatingPicklerUnpickler@55eb9c),spray-apr)))
Sending msg to client activator-5cec8732-318b-4a20-ae91-cf78dabf7408: DetachedLogEvent(LogMessage(debug,Running task... Cancel: sbt.server.ServerTaskCancellation@6cdaf5, check cycles: false))
Sending msg to client activator-5cec8732-318b-4a20-ae91-cf78dabf7408: DetachedLogEvent(LogMessage(debug,cancel strategy start enabled=true lastCommand=Some(LastCommand(CommandExecutionWork(ExecutionId(1),{file:/D:/workspace-scala/scala-rest/}scala-rest/compile:discoveredMainClasses,Set(LiveClient(activator 3a220bc8-a237-4161-a89a-3c5b0c083ed8)),sbt.server.WorkCancellationStatus$$anon$1@fd16d3)))))
Got request: UnlistenToEvents()
Reading next message from client.
Client activator-5cec8732-318b-4a20-ae91-cf78dabf7408 EOF, shutting down.
Stopping client.
Dropping message (5,ReceivedResponse()) to dead client activator-5cec8732-318b-4a20-ae91-cf78dabf7408
Dropping message TaskStarted(1,7,None) to dead client activator-5cec8732-318b-4a20-ae91-cf78dabf7408
Dropping message ValueChanged(AttributeKey[java.lang.String]("name") in Scope(Build: file:/D:/workspace-scala/scala-rest/, , Project: ProjectReference(file:/D:/workspace-scala/scala-rest/,scala-rest)),TaskSuccess(BuildValue(LazyValue(spray-apr,scala.pickling.PicklerUnpickler$DelegatingPicklerUnpickler@55eb9c),spray-apr))) to dead client activator-5cec8732-318b-4a20-ae91-cf78dabf7408
Dropping message (6,ReceivedResponse()) to dead client activator-5cec8732-318b-4a20-ae91-cf78dabf7408
Dropping message (8,ReceivedResponse()) to dead client activator-5cec8732-318b-4a20-ae91-cf78dabf7408
Dropping message (0,ReceivedResponse()) to dead client activator-5cec8732-318b-4a20-ae91-cf78dabf7408
Client activator-5cec8732-318b-4a20-ae91-cf78dabf7408 thread exiting.
