New log file opened at Mon Jun 15 11:18:15 ICT 2015 by 6344@IKHSAN-PC
Sending msg to client activator-3f687e77-804b-407b-9b4c-8f2b5d1dc6f2: DetachedLogEvent(LogMessage(debug,sbt server socket logs are in: D:\workspace-scala\typesafe-projects\scala-rest\.sbtserver\connections\master.log))
Sending msg to client activator-3f687e77-804b-407b-9b4c-8f2b5d1dc6f2: DetachedLogEvent(LogMessage(debug,sbt client logs are in: D:\workspace-scala\typesafe-projects\scala-rest\.sbtserver\connections\activator-3f687e77-804b-407b-9b4c-8f2b5d1dc6f2.log))
Sending msg to client activator-3f687e77-804b-407b-9b4c-8f2b5d1dc6f2: DetachedLogEvent(LogMessage(debug,sbt general server logs are in: D:\workspace-scala\typesafe-projects\scala-rest\.sbtserver\master.log))
Reading next message from client.
Got request: ListenToEvents()
Reading next message from client.
Sending msg to client activator-3f687e77-804b-407b-9b4c-8f2b5d1dc6f2: (3,ReceivedResponse())
Got request: ListenToBuildChange()
Reading next message from client.
Got request: SendSyntheticBuildChanged()
Reading next message from client.
Got request: KeyLookupRequest(discoveredMainClasses)
Reading next message from client.
Got request: KeyLookupRequest(mainClass)
Reading next message from client.
Got request: KeyLookupRequest(echo:echoTraceSupported)
Reading next message from client.
Got request: KeyLookupRequest(echo:echoPlayVersionReport)
Reading next message from client.
Got request: KeyLookupRequest(echo:echoAkkaVersionReport)
Reading next message from client.
Got request: KeyLookupRequest(echo:echoTracePlayVersion)
Reading next message from client.
Sending msg to client activator-3f687e77-804b-407b-9b4c-8f2b5d1dc6f2: DetachedLogEvent(LogMessage(debug,> --initialize))
Sending msg to client activator-3f687e77-804b-407b-9b4c-8f2b5d1dc6f2: DetachedLogEvent(LogMessage(debug,> initialize))
Sending msg to client activator-3f687e77-804b-407b-9b4c-8f2b5d1dc6f2: DetachedLogEvent(LogMessage(debug,> onFailure load-failed))
Sending msg to client activator-3f687e77-804b-407b-9b4c-8f2b5d1dc6f2: DetachedLogEvent(LogMessage(debug,> boot))
Sending msg to client activator-3f687e77-804b-407b-9b4c-8f2b5d1dc6f2: DetachedLogEvent(LogMessage(debug,> reload))
Sending msg to client activator-3f687e77-804b-407b-9b4c-8f2b5d1dc6f2: DetachedLogEvent(LogMessage(debug,[Loading] Scanning directory D:\workspace-scala\typesafe-projects\scala-rest\project))
Sending msg to client activator-3f687e77-804b-407b-9b4c-8f2b5d1dc6f2: DetachedLogEvent(LogMessage(debug,[Loading] Found non-root projects ))
Sending msg to client activator-3f687e77-804b-407b-9b4c-8f2b5d1dc6f2: DetachedLogEvent(LogMessage(debug,[Loading] Done in D:\workspace-scala\typesafe-projects\scala-rest\project, returning: ()))
Sending msg to client activator-3f687e77-804b-407b-9b4c-8f2b5d1dc6f2: DetachedLogEvent(LogMessage(debug,deducing auto plugins based on known facts Set(Atom(sbt.plugins.CorePlugin)) and clauses Clauses(List(Clause(Atom(sbt.plugins.JvmPlugin),Set(Atom(sbt.plugins.IvyPlugin))), Clause(Atom(sbt.plugins.JUnitXmlReportPlugin),Set(Atom(sbt.plugins.JvmPlugin))), Clause(Atom(sbt.plugins.CorePlugin),Set(Atom(sbt.plugins.IvyPlugin))), Clause(Atom(sbt.plugins.IvyPlugin),Set(Atom(sbt.plugins.JvmPlugin))), Clause(Atom(sbt.plugins.JvmPlugin),Set(Atom(sbt.plugins.JUnitXmlReportPlugin)))))))
Sending msg to client activator-3f687e77-804b-407b-9b4c-8f2b5d1dc6f2: DetachedLogEvent(LogMessage(debug,  :: deduced result: Matched(sbt.plugins.CorePlugin,sbt.plugins.IvyPlugin,sbt.plugins.JvmPlugin,sbt.plugins.JUnitXmlReportPlugin)))
Sending msg to client activator-3f687e77-804b-407b-9b4c-8f2b5d1dc6f2: DetachedLogEvent(LogMessage(debug,sorting: ns: List(sbt.plugins.CorePlugin, sbt.plugins.IvyPlugin, sbt.plugins.JvmPlugin, sbt.plugins.JUnitXmlReportPlugin)))
Sending msg to client activator-3f687e77-804b-407b-9b4c-8f2b5d1dc6f2: DetachedLogEvent(LogMessage(debug,  :: sorting:: found: List(sbt.plugins.CorePlugin) not found List(sbt.plugins.IvyPlugin, sbt.plugins.JvmPlugin, sbt.plugins.JUnitXmlReportPlugin)))
Sending msg to client activator-3f687e77-804b-407b-9b4c-8f2b5d1dc6f2: DetachedLogEvent(LogMessage(debug,  :: sorting:: found: List(sbt.plugins.CorePlugin, sbt.plugins.IvyPlugin) not found List(sbt.plugins.JvmPlugin, sbt.plugins.JUnitXmlReportPlugin)))
Sending msg to client activator-3f687e77-804b-407b-9b4c-8f2b5d1dc6f2: DetachedLogEvent(LogMessage(debug,  :: sorting:: found: List(sbt.plugins.CorePlugin, sbt.plugins.IvyPlugin, sbt.plugins.JvmPlugin) not found List(sbt.plugins.JUnitXmlReportPlugin)))
Sending msg to client activator-3f687e77-804b-407b-9b4c-8f2b5d1dc6f2: DetachedLogEvent(LogMessage(debug,  :: sorting:: found: List(sbt.plugins.CorePlugin, sbt.plugins.IvyPlugin, sbt.plugins.JvmPlugin, sbt.plugins.JUnitXmlReportPlugin) not found List()))
Sending msg to client activator-3f687e77-804b-407b-9b4c-8f2b5d1dc6f2: DetachedLogEvent(LogMessage(debug,  :: sorted deduced result: List(sbt.plugins.CorePlugin, sbt.plugins.IvyPlugin, sbt.plugins.JvmPlugin, sbt.plugins.JUnitXmlReportPlugin)))
Sending msg to client activator-3f687e77-804b-407b-9b4c-8f2b5d1dc6f2: DetachedLogEvent(LogMessage(debug,[Loading] Done in D:\workspace-scala\typesafe-projects\scala-rest\project, returning: (scala-rest-build)))
Sending msg to client activator-3f687e77-804b-407b-9b4c-8f2b5d1dc6f2: DetachedLogEvent(LogTrace(IllegalArgumentException,URI has an authority component))
Sending msg to client activator-3f687e77-804b-407b-9b4c-8f2b5d1dc6f2: DetachedLogEvent(LogMessage(error,java.lang.IllegalArgumentException: URI has an authority component))
Sending msg to client activator-3f687e77-804b-407b-9b4c-8f2b5d1dc6f2: DetachedLogEvent(LogMessage(error,Use 'last' for the full log.))
Sending msg to client activator-3f687e77-804b-407b-9b4c-8f2b5d1dc6f2: DetachedLogEvent(LogMessage(debug,> load-failed))
Sending msg to client activator-3f687e77-804b-407b-9b4c-8f2b5d1dc6f2: DetachedLogEvent(LogMessage(error,Failed to load project.))
Sending msg to client activator-3f687e77-804b-407b-9b4c-8f2b5d1dc6f2: BuildFailedToLoad()
Sending msg to client activator-3f687e77-804b-407b-9b4c-8f2b5d1dc6f2: DetachedLogEvent(LogMessage(debug,> server-wait-for-reboot))
Got request: UnlistenToEvents()
Reading next message from client.
Sending msg to client activator-3f687e77-804b-407b-9b4c-8f2b5d1dc6f2: (12,ReceivedResponse())
Got request: UnlistenToBuildChange()
Reading next message from client.
Client activator-3f687e77-804b-407b-9b4c-8f2b5d1dc6f2 EOF, shutting down.
Stopping client.
Dropping message (0,ReceivedResponse()) to dead client activator-3f687e77-804b-407b-9b4c-8f2b5d1dc6f2
Client activator-3f687e77-804b-407b-9b4c-8f2b5d1dc6f2 thread exiting.
