New log file opened at Sat Jun 13 21:18:03 ICT 2015 by 4208@crot
Sending msg to client activator-3a220bc8-a237-4161-a89a-3c5b0c083ed8: DetachedLogEvent(LogMessage(debug,sbt server socket logs are in: D:\workspace-scala\scala-rest\.sbtserver\connections\master.log))
Sending msg to client activator-3a220bc8-a237-4161-a89a-3c5b0c083ed8: DetachedLogEvent(LogMessage(debug,sbt general server logs are in: D:\workspace-scala\scala-rest\.sbtserver\master.log))
Sending msg to client activator-3a220bc8-a237-4161-a89a-3c5b0c083ed8: DetachedLogEvent(LogMessage(debug,sbt client logs are in: D:\workspace-scala\scala-rest\.sbtserver\connections\activator-3a220bc8-a237-4161-a89a-3c5b0c083ed8.log))
Reading next message from client.
Got request: ListenToEvents()
Reading next message from client.
Got request: ListenToBuildChange()
Reading next message from client.
Got request: SendSyntheticBuildChanged()
Reading next message from client.
Got request: KeyLookupRequest(discoveredMainClasses)
Reading next message from client.
Got request: KeyLookupRequest(mainClass)
Reading next message from client.
Got request: KeyLookupRequest(echo:echoTraceSupported)
Reading next message from client.
Got request: KeyLookupRequest(echo:echoPlayVersionReport)
Reading next message from client.
Got request: KeyLookupRequest(echo:echoAkkaVersionReport)
Reading next message from client.
Got request: KeyLookupRequest(echo:echoTracePlayVersion)
Reading next message from client.
Sending msg to client activator-3a220bc8-a237-4161-a89a-3c5b0c083ed8: (3,ReceivedResponse())
Sending msg to client activator-3a220bc8-a237-4161-a89a-3c5b0c083ed8: DetachedLogEvent(LogMessage(debug,> initialize))
Sending msg to client activator-3a220bc8-a237-4161-a89a-3c5b0c083ed8: DetachedLogEvent(LogMessage(debug,> onFailure load-failed))
Sending msg to client activator-3a220bc8-a237-4161-a89a-3c5b0c083ed8: DetachedLogEvent(LogMessage(debug,> boot))
Sending msg to client activator-3a220bc8-a237-4161-a89a-3c5b0c083ed8: DetachedLogEvent(LogMessage(debug,> reload))
Sending msg to client activator-3a220bc8-a237-4161-a89a-3c5b0c083ed8: DetachedLogEvent(LogMessage(debug,[Loading] Scanning directory D:\workspace-scala\scala-rest\project))
Sending msg to client activator-3a220bc8-a237-4161-a89a-3c5b0c083ed8: DetachedLogEvent(LogMessage(debug,[Loading] Found non-root projects ))
Sending msg to client activator-3a220bc8-a237-4161-a89a-3c5b0c083ed8: DetachedLogEvent(LogMessage(debug,[Loading] Done in D:\workspace-scala\scala-rest\project, returning: ()))
Sending msg to client activator-3a220bc8-a237-4161-a89a-3c5b0c083ed8: DetachedLogEvent(LogMessage(debug,deducing auto plugins based on known facts Set(Atom(sbt.plugins.CorePlugin)) and clauses Clauses(List(Clause(Atom(sbt.plugins.JvmPlugin),Set(Atom(sbt.plugins.IvyPlugin))), Clause(Atom(sbt.plugins.JUnitXmlReportPlugin),Set(Atom(sbt.plugins.JvmPlugin))), Clause(Atom(sbt.plugins.CorePlugin),Set(Atom(sbt.plugins.IvyPlugin))), Clause(Atom(sbt.plugins.IvyPlugin),Set(Atom(sbt.plugins.JvmPlugin))), Clause(Atom(sbt.plugins.JvmPlugin),Set(Atom(sbt.plugins.JUnitXmlReportPlugin)))))))
Sending msg to client activator-3a220bc8-a237-4161-a89a-3c5b0c083ed8: DetachedLogEvent(LogMessage(debug,  :: deduced result: Matched(sbt.plugins.CorePlugin,sbt.plugins.IvyPlugin,sbt.plugins.JvmPlugin,sbt.plugins.JUnitXmlReportPlugin)))
Sending msg to client activator-3a220bc8-a237-4161-a89a-3c5b0c083ed8: DetachedLogEvent(LogMessage(debug,sorting: ns: List(sbt.plugins.CorePlugin, sbt.plugins.IvyPlugin, sbt.plugins.JvmPlugin, sbt.plugins.JUnitXmlReportPlugin)))
Sending msg to client activator-3a220bc8-a237-4161-a89a-3c5b0c083ed8: DetachedLogEvent(LogMessage(debug,  :: sorting:: found: List(sbt.plugins.CorePlugin) not found List(sbt.plugins.IvyPlugin, sbt.plugins.JvmPlugin, sbt.plugins.JUnitXmlReportPlugin)))
Sending msg to client activator-3a220bc8-a237-4161-a89a-3c5b0c083ed8: DetachedLogEvent(LogMessage(debug,  :: sorting:: found: List(sbt.plugins.CorePlugin, sbt.plugins.IvyPlugin) not found List(sbt.plugins.JvmPlugin, sbt.plugins.JUnitXmlReportPlugin)))
Sending msg to client activator-3a220bc8-a237-4161-a89a-3c5b0c083ed8: DetachedLogEvent(LogMessage(debug,  :: sorting:: found: List(sbt.plugins.CorePlugin, sbt.plugins.IvyPlugin, sbt.plugins.JvmPlugin) not found List(sbt.plugins.JUnitXmlReportPlugin)))
Sending msg to client activator-3a220bc8-a237-4161-a89a-3c5b0c083ed8: DetachedLogEvent(LogMessage(debug,  :: sorting:: found: List(sbt.plugins.CorePlugin, sbt.plugins.IvyPlugin, sbt.plugins.JvmPlugin, sbt.plugins.JUnitXmlReportPlugin) not found List()))
Sending msg to client activator-3a220bc8-a237-4161-a89a-3c5b0c083ed8: DetachedLogEvent(LogMessage(debug,  :: sorted deduced result: List(sbt.plugins.CorePlugin, sbt.plugins.IvyPlugin, sbt.plugins.JvmPlugin, sbt.plugins.JUnitXmlReportPlugin)))
Sending msg to client activator-3a220bc8-a237-4161-a89a-3c5b0c083ed8: DetachedLogEvent(LogMessage(debug,[Loading] Done in D:\workspace-scala\scala-rest\project, returning: (scala-rest-build)))
Sending msg to client activator-3a220bc8-a237-4161-a89a-3c5b0c083ed8: DetachedLogEvent(LogMessage(info,Loading project definition from D:\workspace-scala\scala-rest\project))
Sending msg to client activator-3a220bc8-a237-4161-a89a-3c5b0c083ed8: DetachedLogEvent(LogMessage(debug,Running task... Cancel: sbt.TaskCancellationStrategy$Null$@1d3313c, check cycles: false))
Sending msg to client activator-3a220bc8-a237-4161-a89a-3c5b0c083ed8: DetachedLogEvent(LogMessage(debug,
Initial source changes: 
	removed:Set()
	added: Set()
	modified: Set()
Removed products: Set()
External API changes: API Changes: Set()
Modified binary dependencies: Set()
Initial directly invalidated sources: Set()

Sources indirectly invalidated by:
	product: Set()
	binary dep: Set()
	external source: Set()))
Sending msg to client activator-3a220bc8-a237-4161-a89a-3c5b0c083ed8: DetachedLogEvent(LogMessage(debug,All initially invalidated sources: Set()
))
Sending msg to client activator-3a220bc8-a237-4161-a89a-3c5b0c083ed8: DetachedLogEvent(LogMessage(debug,Copy resource mappings: 
	))
Sending msg to client activator-3a220bc8-a237-4161-a89a-3c5b0c083ed8: DetachedLogEvent(LogMessage(debug,[Loading] Scanning directory D:\workspace-scala\scala-rest))
Sending msg to client activator-3a220bc8-a237-4161-a89a-3c5b0c083ed8: DetachedLogEvent(LogMessage(debug,[Loading] Found non-root projects ))
Sending msg to client activator-3a220bc8-a237-4161-a89a-3c5b0c083ed8: DetachedLogEvent(LogMessage(debug,[Loading] Done in D:\workspace-scala\scala-rest, returning: ()))
Sending msg to client activator-3a220bc8-a237-4161-a89a-3c5b0c083ed8: DetachedLogEvent(LogMessage(debug,deducing auto plugins based on known facts Set(Atom(sbt.plugins.CorePlugin)) and clauses Clauses(List(Clause(Atom(sbt.plugins.JvmPlugin),Set(Atom(sbt.plugins.IvyPlugin))), Clause(Atom(sbt.plugins.JUnitXmlReportPlugin),Set(Atom(sbt.plugins.JvmPlugin))), Clause(Atom(play.sbt.forkrun.PlayForkRun),Set(Atom(sbt.plugins.BackgroundRunPlugin))), Clause(Atom(play.sbt.forkrun.PlayForkRun),Set(Atom(play.Play))), Clause(Atom(play.sbt.forkrun.PlayForkRun),Set(Atom(sbt.plugins.SerializersPlugin))), Clause(Atom(play.Play),Set(Atom(com.typesafe.sbt.webdriver.SbtWebDriver))), Clause(Atom(play.Play),Set(Atom(play.twirl.sbt.SbtTwirl))), Clause(Atom(play.Play),Set(Atom(com.typesafe.sbt.jse.SbtJsTask))), Clause(Atom(play.PlayJava),Set(Atom(play.Play))), Clause(Atom(play.PlayScala),Set(Atom(play.Play))), Clause(Atom(play.twirl.sbt.SbtTwirl),Set(Atom(sbt.plugins.JvmPlugin))), Clause(Atom(com.typesafe.sbt.jse.SbtJsEngine),Set(Atom(com.typesafe.sbt.web.SbtWeb))), Clause(Atom(com.typesafe.sbt.jse.SbtJsTask),Set(Atom(com.typesafe.sbt.jse.SbtJsEngine))), Clause(Atom(com.typesafe.sbt.webdriver.SbtWebDriver),Set(Atom(com.typesafe.sbt.web.SbtWeb))), Clause(Atom(sbt.plugins.BackgroundRunPlugin),Set(Atom(sbt.plugins.JvmPlugin))), Clause(Atom(sbt.plugins.CorePlugin),Set(Atom(sbt.plugins.IvyPlugin))), Clause(Atom(sbt.plugins.IvyPlugin),Set(Atom(sbt.plugins.JvmPlugin))), Clause(Atom(sbt.plugins.JvmPlugin),Set(Atom(sbt.plugins.JUnitXmlReportPlugin))), Clause(And(Set(Atom(sbt.plugins.BackgroundRunPlugin), Atom(play.Play), Atom(sbt.plugins.SerializersPlugin))),Set(Atom(play.sbt.forkrun.PlayForkRun))), Clause(Atom(com.typesafe.sbt.web.SbtWeb),Set(Atom(com.typesafe.sbt.jse.SbtJsEngine))), Clause(Atom(com.typesafe.sbt.jse.SbtJsEngine),Set(Atom(com.typesafe.sbt.jse.SbtJsTask))), Clause(Atom(com.typesafe.sbt.web.SbtWeb),Set(Atom(com.typesafe.sbt.webdriver.SbtWebDriver))), Clause(Atom(sbt.plugins.JvmPlugin),Set(Atom(sbt.plugins.BackgroundRunPlugin))), Clause(Atom(sbt.plugins.CorePlugin),Set(Atom(sbt.plugins.InteractionServicePlugin))), Clause(Atom(sbt.plugins.CorePlugin),Set(Atom(sbt.plugins.SendEventServicePlugin))), Clause(Atom(sbt.plugins.CorePlugin),Set(Atom(sbt.plugins.SerializersPlugin)))))))
Sending msg to client activator-3a220bc8-a237-4161-a89a-3c5b0c083ed8: DetachedLogEvent(LogMessage(debug,  :: deduced result: Matched(sbt.plugins.CorePlugin,sbt.plugins.SerializersPlugin,sbt.plugins.SendEventServicePlugin,sbt.plugins.InteractionServicePlugin,sbt.plugins.IvyPlugin,sbt.plugins.JvmPlugin,sbt.plugins.BackgroundRunPlugin,sbt.plugins.JUnitXmlReportPlugin)))
Sending msg to client activator-3a220bc8-a237-4161-a89a-3c5b0c083ed8: DetachedLogEvent(LogMessage(debug,sorting: ns: List(sbt.plugins.CorePlugin, sbt.plugins.SerializersPlugin, sbt.plugins.SendEventServicePlugin, sbt.plugins.InteractionServicePlugin, sbt.plugins.IvyPlugin, sbt.plugins.JvmPlugin, sbt.plugins.BackgroundRunPlugin, sbt.plugins.JUnitXmlReportPlugin)))
Sending msg to client activator-3a220bc8-a237-4161-a89a-3c5b0c083ed8: DetachedLogEvent(LogMessage(debug,  :: sorting:: found: List(sbt.plugins.CorePlugin) not found List(sbt.plugins.SerializersPlugin, sbt.plugins.SendEventServicePlugin, sbt.plugins.InteractionServicePlugin, sbt.plugins.IvyPlugin, sbt.plugins.JvmPlugin, sbt.plugins.BackgroundRunPlugin, sbt.plugins.JUnitXmlReportPlugin)))
Sending msg to client activator-3a220bc8-a237-4161-a89a-3c5b0c083ed8: DetachedLogEvent(LogMessage(debug,  :: sorting:: found: List(sbt.plugins.CorePlugin, sbt.plugins.SerializersPlugin, sbt.plugins.SendEventServicePlugin, sbt.plugins.InteractionServicePlugin, sbt.plugins.IvyPlugin) not found List(sbt.plugins.JvmPlugin, sbt.plugins.BackgroundRunPlugin, sbt.plugins.JUnitXmlReportPlugin)))
Sending msg to client activator-3a220bc8-a237-4161-a89a-3c5b0c083ed8: DetachedLogEvent(LogMessage(debug,  :: sorting:: found: List(sbt.plugins.CorePlugin, sbt.plugins.SerializersPlugin, sbt.plugins.SendEventServicePlugin, sbt.plugins.InteractionServicePlugin, sbt.plugins.IvyPlugin, sbt.plugins.JvmPlugin) not found List(sbt.plugins.BackgroundRunPlugin, sbt.plugins.JUnitXmlReportPlugin)))
Sending msg to client activator-3a220bc8-a237-4161-a89a-3c5b0c083ed8: DetachedLogEvent(LogMessage(debug,  :: sorting:: found: List(sbt.plugins.CorePlugin, sbt.plugins.SerializersPlugin, sbt.plugins.SendEventServicePlugin, sbt.plugins.InteractionServicePlugin, sbt.plugins.IvyPlugin, sbt.plugins.JvmPlugin, sbt.plugins.BackgroundRunPlugin, sbt.plugins.JUnitXmlReportPlugin) not found List()))
Sending msg to client activator-3a220bc8-a237-4161-a89a-3c5b0c083ed8: DetachedLogEvent(LogMessage(debug,  :: sorted deduced result: List(sbt.plugins.CorePlugin, sbt.plugins.SerializersPlugin, sbt.plugins.SendEventServicePlugin, sbt.plugins.InteractionServicePlugin, sbt.plugins.IvyPlugin, sbt.plugins.JvmPlugin, sbt.plugins.BackgroundRunPlugin, sbt.plugins.JUnitXmlReportPlugin)))
Sending msg to client activator-3a220bc8-a237-4161-a89a-3c5b0c083ed8: DetachedLogEvent(LogMessage(debug,[Loading] Done in D:\workspace-scala\scala-rest, returning: (scala-rest)))
Sending msg to client activator-3a220bc8-a237-4161-a89a-3c5b0c083ed8: DetachedLogEvent(LogMessage(info,Set current project to spray-apr (in build file:/D:/workspace-scala/scala-rest/)))
Sending msg to client activator-3a220bc8-a237-4161-a89a-3c5b0c083ed8: DetachedLogEvent(LogMessage(info,Reapplying settings...))
Sending msg to client activator-3a220bc8-a237-4161-a89a-3c5b0c083ed8: DetachedLogEvent(LogMessage(info,Set current project to spray-apr (in build file:/D:/workspace-scala/scala-rest/)))
Sending msg to client activator-3a220bc8-a237-4161-a89a-3c5b0c083ed8: DetachedLogEvent(LogMessage(debug,> iflast shell))
Sending msg to client activator-3a220bc8-a237-4161-a89a-3c5b0c083ed8: DetachedLogEvent(LogMessage(debug,> server-send-ready-for-request))
Sending msg to client activator-3a220bc8-a237-4161-a89a-3c5b0c083ed8: BuildLoaded()
Sending msg to client activator-3a220bc8-a237-4161-a89a-3c5b0c083ed8: DetachedLogEvent(LogMessage(debug,> server-handle-next-server-request))
Sending msg to client activator-3a220bc8-a237-4161-a89a-3c5b0c083ed8: (4,ReceivedResponse())
Sending msg to client activator-3a220bc8-a237-4161-a89a-3c5b0c083ed8: BuildStructureChanged(MinimalBuildStructure(Vector(file:/D:/workspace-scala/scala-rest/),Vector(MinimalProjectStructure(ProjectReference(file:/D:/workspace-scala/scala-rest/,scala-rest),Vector(sbt.plugins.CorePlugin, sbt.plugins.SerializersPlugin, sbt.plugins.SendEventServicePlugin, sbt.plugins.InteractionServicePlugin, sbt.plugins.IvyPlugin, sbt.plugins.JvmPlugin, sbt.plugins.BackgroundRunPlugin, sbt.plugins.JUnitXmlReportPlugin)))))
Got request: KeyLookupRequest(echo:echoAkkaVersionReport)
Reading next message from client.
Got request: KeyLookupRequest(discoveredMainClasses)
Reading next message from client.
Got request: KeyLookupRequest(echo:echoTracePlayVersion)
Reading next message from client.
Got request: KeyLookupRequest(mainClass)
Reading next message from client.
Got request: KeyLookupRequest(echo:echoTraceSupported)
Reading next message from client.
Got request: KeyLookupRequest(echo:echoPlayVersionReport)
Reading next message from client.
Sending msg to client activator-3a220bc8-a237-4161-a89a-3c5b0c083ed8: (6,KeyLookupResponse(discoveredMainClasses,Vector(AttributeKey[scala.collection.Seq[java.lang.String]]("discoveredMainClasses") in Scope(Build: file:/D:/workspace-scala/scala-rest/, , Project: ProjectReference(file:/D:/workspace-scala/scala-rest/,scala-rest), Config: compile))))
Sending msg to client activator-3a220bc8-a237-4161-a89a-3c5b0c083ed8: (7,KeyLookupResponse(mainClass,Vector(AttributeKey[scala.Option[java.lang.String]]("mainClass") in Scope(Build: file:/D:/workspace-scala/scala-rest/, , Project: ProjectReference(file:/D:/workspace-scala/scala-rest/,scala-rest), Config: compile))))
Got request: ListenToValue(AttributeKey[scala.collection.Seq[java.lang.String]]("discoveredMainClasses") in Scope(Build: file:/D:/workspace-scala/scala-rest/, , Project: ProjectReference(file:/D:/workspace-scala/scala-rest/,scala-rest), Config: compile))
Reading next message from client.
Got request: SendSyntheticValueChanged(AttributeKey[scala.collection.Seq[java.lang.String]]("discoveredMainClasses") in Scope(Build: file:/D:/workspace-scala/scala-rest/, , Project: ProjectReference(file:/D:/workspace-scala/scala-rest/,scala-rest), Config: compile))
Reading next message from client.
Got request: ListenToValue(AttributeKey[scala.Option[java.lang.String]]("mainClass") in Scope(Build: file:/D:/workspace-scala/scala-rest/, , Project: ProjectReference(file:/D:/workspace-scala/scala-rest/,scala-rest), Config: compile))
Reading next message from client.
Got request: SendSyntheticValueChanged(AttributeKey[scala.Option[java.lang.String]]("mainClass") in Scope(Build: file:/D:/workspace-scala/scala-rest/, , Project: ProjectReference(file:/D:/workspace-scala/scala-rest/,scala-rest), Config: compile))
Reading next message from client.
Sending msg to client activator-3a220bc8-a237-4161-a89a-3c5b0c083ed8: (8,KeyLookupResponse(echo:echoTraceSupported,Vector()))
Sending msg to client activator-3a220bc8-a237-4161-a89a-3c5b0c083ed8: (9,KeyLookupResponse(echo:echoPlayVersionReport,Vector()))
Sending msg to client activator-3a220bc8-a237-4161-a89a-3c5b0c083ed8: (10,KeyLookupResponse(echo:echoAkkaVersionReport,Vector()))
Sending msg to client activator-3a220bc8-a237-4161-a89a-3c5b0c083ed8: (11,KeyLookupResponse(echo:echoTracePlayVersion,Vector()))
Sending msg to client activator-3a220bc8-a237-4161-a89a-3c5b0c083ed8: (12,KeyLookupResponse(echo:echoAkkaVersionReport,Vector()))
Sending msg to client activator-3a220bc8-a237-4161-a89a-3c5b0c083ed8: (13,KeyLookupResponse(discoveredMainClasses,Vector(AttributeKey[scala.collection.Seq[java.lang.String]]("discoveredMainClasses") in Scope(Build: file:/D:/workspace-scala/scala-rest/, , Project: ProjectReference(file:/D:/workspace-scala/scala-rest/,scala-rest), Config: compile))))
Sending msg to client activator-3a220bc8-a237-4161-a89a-3c5b0c083ed8: (14,KeyLookupResponse(echo:echoTracePlayVersion,Vector()))
Sending msg to client activator-3a220bc8-a237-4161-a89a-3c5b0c083ed8: (15,KeyLookupResponse(mainClass,Vector(AttributeKey[scala.Option[java.lang.String]]("mainClass") in Scope(Build: file:/D:/workspace-scala/scala-rest/, , Project: ProjectReference(file:/D:/workspace-scala/scala-rest/,scala-rest), Config: compile))))
Sending msg to client activator-3a220bc8-a237-4161-a89a-3c5b0c083ed8: (16,KeyLookupResponse(echo:echoTraceSupported,Vector()))
Sending msg to client activator-3a220bc8-a237-4161-a89a-3c5b0c083ed8: (17,KeyLookupResponse(echo:echoPlayVersionReport,Vector()))
Sending msg to client activator-3a220bc8-a237-4161-a89a-3c5b0c083ed8: (18,ReceivedResponse())
Sending msg to client activator-3a220bc8-a237-4161-a89a-3c5b0c083ed8: ExecutionWaiting(1,{file:/D:/workspace-scala/scala-rest/}scala-rest/compile:discoveredMainClasses,ClientInfo(3a220bc8-a237-4161-a89a-3c5b0c083ed8,activator,Activator,1,Vector()))
Sending msg to client activator-3a220bc8-a237-4161-a89a-3c5b0c083ed8: (19,ReceivedResponse())
Sending msg to client activator-3a220bc8-a237-4161-a89a-3c5b0c083ed8: ExecutionStarting(1)
Sending msg to client activator-3a220bc8-a237-4161-a89a-3c5b0c083ed8: DetachedLogEvent(LogMessage(debug,> {file:/D:/workspace-scala/scala-rest/}scala-rest/compile:discoveredMainClasses))
Sending msg to client activator-3a220bc8-a237-4161-a89a-3c5b0c083ed8: (20,ReceivedResponse())
Sending msg to client activator-3a220bc8-a237-4161-a89a-3c5b0c083ed8: ExecutionWaiting(2,{file:/D:/workspace-scala/scala-rest/}scala-rest/compile:mainClass,ClientInfo(3a220bc8-a237-4161-a89a-3c5b0c083ed8,activator,Activator,1,Vector()))
Sending msg to client activator-3a220bc8-a237-4161-a89a-3c5b0c083ed8: (21,ReceivedResponse())
Sending msg to client activator-3a220bc8-a237-4161-a89a-3c5b0c083ed8: DetachedLogEvent(LogMessage(debug,Evaluating tasks: compile:discoveredMainClasses))
Sending msg to client activator-3a220bc8-a237-4161-a89a-3c5b0c083ed8: DetachedLogEvent(LogMessage(debug,Running task... Cancel: sbt.server.ServerTaskCancellation@6cdaf5, check cycles: false))
Sending msg to client activator-3a220bc8-a237-4161-a89a-3c5b0c083ed8: DetachedLogEvent(LogMessage(debug,cancel strategy start enabled=true lastCommand=Some(LastCommand(CommandExecutionWork(ExecutionId(1),{file:/D:/workspace-scala/scala-rest/}scala-rest/compile:discoveredMainClasses,Set(LiveClient(activator 3a220bc8-a237-4161-a89a-3c5b0c083ed8)),sbt.server.WorkCancellationStatus$$anon$1@fd16d3)))))
Sending msg to client activator-3a220bc8-a237-4161-a89a-3c5b0c083ed8: TaskStarted(1,7,None)
Sending msg to client activator-3a220bc8-a237-4161-a89a-3c5b0c083ed8: TaskStarted(1,13,None)
Sending msg to client activator-3a220bc8-a237-4161-a89a-3c5b0c083ed8: TaskStarted(1,17,Some(AttributeKey[java.lang.String]("updateCacheName") in Scope(Build: file:/D:/workspace-scala/scala-rest/, , Project: ProjectReference(file:/D:/workspace-scala/scala-rest/,scala-rest))))
Sending msg to client activator-3a220bc8-a237-4161-a89a-3c5b0c083ed8: TaskStarted(1,18,None)
Sending msg to client activator-3a220bc8-a237-4161-a89a-3c5b0c083ed8: TaskStarted(1,20,None)
Sending msg to client activator-3a220bc8-a237-4161-a89a-3c5b0c083ed8: TaskStarted(1,23,None)
Sending msg to client activator-3a220bc8-a237-4161-a89a-3c5b0c083ed8: TaskStarted(1,30,Some(AttributeKey[scala.collection.Seq[sbt.Credentials]]("credentials") in Scope(Global)))
Sending msg to client activator-3a220bc8-a237-4161-a89a-3c5b0c083ed8: TaskStarted(1,33,Some(AttributeKey[scala.Option[scala.collection.Seq[sbt.Resolver]]]("bootResolvers") in Scope(Build: file:/D:/workspace-scala/scala-rest/, , Project: ProjectReference(file:/D:/workspace-scala/scala-rest/,scala-rest))))
Sending msg to client activator-3a220bc8-a237-4161-a89a-3c5b0c083ed8: TaskStarted(1,37,Some(AttributeKey[scala.collection.Seq[sbt.Resolver]]("externalResolvers") in Scope(Build: file:/D:/workspace-scala/scala-rest/, , Project: ProjectReference(file:/D:/workspace-scala/scala-rest/,scala-rest))))
Sending msg to client activator-3a220bc8-a237-4161-a89a-3c5b0c083ed8: TaskStarted(1,39,Some(AttributeKey[boolean]("skip") in Scope(Global)))
Sending msg to client activator-3a220bc8-a237-4161-a89a-3c5b0c083ed8: TaskStarted(1,41,None)
Sending msg to client activator-3a220bc8-a237-4161-a89a-3c5b0c083ed8: TaskStarted(1,42,None)
Sending msg to client activator-3a220bc8-a237-4161-a89a-3c5b0c083ed8: TaskStarted(1,59,Some(AttributeKey[sbt.inc.IncOptions]("incOptions") in Scope(Global)))
Sending msg to client activator-3a220bc8-a237-4161-a89a-3c5b0c083ed8: TaskStarted(1,60,Some(AttributeKey[java.lang.String]("compileAnalysisFilename") in Scope(Build: file:/D:/workspace-scala/scala-rest/, , Project: ProjectReference(file:/D:/workspace-scala/scala-rest/,scala-rest), Config: compile)))
Sending msg to client activator-3a220bc8-a237-4161-a89a-3c5b0c083ed8: TaskStarted(1,62,Some(AttributeKey[scala.Function1[java.io.File,scala.Function1[java.lang.String,boolean]]]("definesClass") in Scope(Global)))
Sending msg to client activator-3a220bc8-a237-4161-a89a-3c5b0c083ed8: TaskStarted(1,67,Some(AttributeKey[scala.collection.Seq[java.lang.String]]("javacOptions") in Scope(Global)))
Sending msg to client activator-3a220bc8-a237-4161-a89a-3c5b0c083ed8: TaskStarted(1,69,Some(AttributeKey[scala.collection.Seq[java.lang.String]]("scalacOptions") in Scope(Build: file:/D:/workspace-scala/scala-rest/, , Project: ProjectReference(file:/D:/workspace-scala/scala-rest/,scala-rest))))
Sending msg to client activator-3a220bc8-a237-4161-a89a-3c5b0c083ed8: TaskStarted(1,73,None)
Sending msg to client activator-3a220bc8-a237-4161-a89a-3c5b0c083ed8: TaskStarted(1,75,Some(AttributeKey[scala.collection.Seq[scala.Function1[xsbti.Position,scala.Option[xsbti.Position]]]]("sourcePositionMappers") in Scope(Global)))
Sending msg to client activator-3a220bc8-a237-4161-a89a-3c5b0c083ed8: TaskStarted(1,78,None)
Sending msg to client activator-3a220bc8-a237-4161-a89a-3c5b0c083ed8: TaskStarted(1,80,Some(AttributeKey[scala.collection.Seq[java.io.File]]("unmanagedSources") in Scope(Build: file:/D:/workspace-scala/scala-rest/, , Project: ProjectReference(file:/D:/workspace-scala/scala-rest/,scala-rest), Config: compile)))
Sending msg to client activator-3a220bc8-a237-4161-a89a-3c5b0c083ed8: TaskStarted(1,83,Some(AttributeKey[sbt.SendEventService]("sendEventService") in Scope(Global)))
Sending msg to client activator-3a220bc8-a237-4161-a89a-3c5b0c083ed8: TaskFinished(1,13,None,true,None)
Sending msg to client activator-3a220bc8-a237-4161-a89a-3c5b0c083ed8: TaskFinished(1,7,None,true,None)
Sending msg to client activator-3a220bc8-a237-4161-a89a-3c5b0c083ed8: TaskStarted(1,6,None)
Sending msg to client activator-3a220bc8-a237-4161-a89a-3c5b0c083ed8: TaskStarted(1,15,None)
Sending msg to client activator-3a220bc8-a237-4161-a89a-3c5b0c083ed8: TaskStarted(1,29,None)
Sending msg to client activator-3a220bc8-a237-4161-a89a-3c5b0c083ed8: TaskStarted(1,36,None)
Sending msg to client activator-3a220bc8-a237-4161-a89a-3c5b0c083ed8: TaskStarted(1,38,None)
Sending msg to client activator-3a220bc8-a237-4161-a89a-3c5b0c083ed8: TaskStarted(1,46,None)
Sending msg to client activator-3a220bc8-a237-4161-a89a-3c5b0c083ed8: TaskStarted(1,47,None)
Sending msg to client activator-3a220bc8-a237-4161-a89a-3c5b0c083ed8: TaskStarted(1,51,None)
Sending msg to client activator-3a220bc8-a237-4161-a89a-3c5b0c083ed8: TaskStarted(1,55,None)
Sending msg to client activator-3a220bc8-a237-4161-a89a-3c5b0c083ed8: TaskStarted(1,56,None)
Sending msg to client activator-3a220bc8-a237-4161-a89a-3c5b0c083ed8: TaskStarted(1,57,None)
Sending msg to client activator-3a220bc8-a237-4161-a89a-3c5b0c083ed8: TaskStarted(1,66,None)
Sending msg to client activator-3a220bc8-a237-4161-a89a-3c5b0c083ed8: TaskStarted(1,74,None)
Sending msg to client activator-3a220bc8-a237-4161-a89a-3c5b0c083ed8: TaskStarted(1,82,None)
Sending msg to client activator-3a220bc8-a237-4161-a89a-3c5b0c083ed8: TaskStarted(1,84,None)
Sending msg to client activator-3a220bc8-a237-4161-a89a-3c5b0c083ed8: TaskFinished(1,18,None,true,None)
Sending msg to client activator-3a220bc8-a237-4161-a89a-3c5b0c083ed8: TaskFinished(1,20,None,true,None)
Sending msg to client activator-3a220bc8-a237-4161-a89a-3c5b0c083ed8: TaskFinished(1,23,None,true,None)
Sending msg to client activator-3a220bc8-a237-4161-a89a-3c5b0c083ed8: TaskStarted(1,22,Some(AttributeKey[sbt.BuildStructure]("buildStructure") in Scope(Global)))
Sending msg to client activator-3a220bc8-a237-4161-a89a-3c5b0c083ed8: TaskStarted(1,43,Some(AttributeKey[java.io.File]("dependencyCacheDirectory") in Scope(Build: file:/D:/workspace-scala/scala-rest/, , Project: ProjectReference(file:/D:/workspace-scala/scala-rest/,scala-rest))))
Sending msg to client activator-3a220bc8-a237-4161-a89a-3c5b0c083ed8: TaskStarted(1,61,Some(AttributeKey[xsbti.compile.GlobalsCache]("compilerCache") in Scope(Global)))
Sending msg to client activator-3a220bc8-a237-4161-a89a-3c5b0c083ed8: TaskFinished(1,30,Some(AttributeKey[scala.collection.Seq[sbt.Credentials]]("credentials") in Scope(Global)),true,None)
Sending msg to client activator-3a220bc8-a237-4161-a89a-3c5b0c083ed8: TaskFinished(1,33,Some(AttributeKey[scala.Option[scala.collection.Seq[sbt.Resolver]]]("bootResolvers") in Scope(Build: file:/D:/workspace-scala/scala-rest/, , Project: ProjectReference(file:/D:/workspace-scala/scala-rest/,scala-rest))),true,None)
Sending msg to client activator-3a220bc8-a237-4161-a89a-3c5b0c083ed8: TaskFinished(1,37,Some(AttributeKey[scala.collection.Seq[sbt.Resolver]]("externalResolvers") in Scope(Build: file:/D:/workspace-scala/scala-rest/, , Project: ProjectReference(file:/D:/workspace-scala/scala-rest/,scala-rest))),true,None)
Sending msg to client activator-3a220bc8-a237-4161-a89a-3c5b0c083ed8: TaskFinished(1,39,Some(AttributeKey[boolean]("skip") in Scope(Global)),true,None)
Sending msg to client activator-3a220bc8-a237-4161-a89a-3c5b0c083ed8: TaskFinished(1,41,None,true,None)
Sending msg to client activator-3a220bc8-a237-4161-a89a-3c5b0c083ed8: TaskFinished(1,42,None,true,None)
Sending msg to client activator-3a220bc8-a237-4161-a89a-3c5b0c083ed8: TaskStarted(1,40,Some(AttributeKey[scala.collection.Seq[sbt.UpdateReport]]("transitiveUpdate") in Scope(Build: file:/D:/workspace-scala/scala-rest/, , Project: ProjectReference(file:/D:/workspace-scala/scala-rest/,scala-rest))))
Sending msg to client activator-3a220bc8-a237-4161-a89a-3c5b0c083ed8: TaskFinished(1,17,Some(AttributeKey[java.lang.String]("updateCacheName") in Scope(Build: file:/D:/workspace-scala/scala-rest/, , Project: ProjectReference(file:/D:/workspace-scala/scala-rest/,scala-rest))),true,None)
Sending msg to client activator-3a220bc8-a237-4161-a89a-3c5b0c083ed8: TaskFinished(1,59,Some(AttributeKey[sbt.inc.IncOptions]("incOptions") in Scope(Global)),true,None)
Sending msg to client activator-3a220bc8-a237-4161-a89a-3c5b0c083ed8: TaskStarted(1,58,Some(AttributeKey[sbt.inc.IncOptions]("incOptions") in Scope(Build: file:/D:/workspace-scala/scala-rest/, , Project: ProjectReference(file:/D:/workspace-scala/scala-rest/,scala-rest))))
Sending msg to client activator-3a220bc8-a237-4161-a89a-3c5b0c083ed8: TaskFinished(1,60,Some(AttributeKey[java.lang.String]("compileAnalysisFilename") in Scope(Build: file:/D:/workspace-scala/scala-rest/, , Project: ProjectReference(file:/D:/workspace-scala/scala-rest/,scala-rest), Config: compile)),true,None)
Sending msg to client activator-3a220bc8-a237-4161-a89a-3c5b0c083ed8: TaskFinished(1,62,Some(AttributeKey[scala.Function1[java.io.File,scala.Function1[java.lang.String,boolean]]]("definesClass") in Scope(Global)),true,None)
Sending msg to client activator-3a220bc8-a237-4161-a89a-3c5b0c083ed8: TaskFinished(1,67,Some(AttributeKey[scala.collection.Seq[java.lang.String]]("javacOptions") in Scope(Global)),true,None)
Sending msg to client activator-3a220bc8-a237-4161-a89a-3c5b0c083ed8: TaskFinished(1,69,Some(AttributeKey[scala.collection.Seq[java.lang.String]]("scalacOptions") in Scope(Build: file:/D:/workspace-scala/scala-rest/, , Project: ProjectReference(file:/D:/workspace-scala/scala-rest/,scala-rest))),true,None)
Sending msg to client activator-3a220bc8-a237-4161-a89a-3c5b0c083ed8: TaskFinished(1,73,None,true,None)
Sending msg to client activator-3a220bc8-a237-4161-a89a-3c5b0c083ed8: TaskFinished(1,75,Some(AttributeKey[scala.collection.Seq[scala.Function1[xsbti.Position,scala.Option[xsbti.Position]]]]("sourcePositionMappers") in Scope(Global)),true,None)
Sending msg to client activator-3a220bc8-a237-4161-a89a-3c5b0c083ed8: TaskFinished(1,78,None,true,None)
Sending msg to client activator-3a220bc8-a237-4161-a89a-3c5b0c083ed8: TaskStarted(1,77,Some(AttributeKey[scala.collection.Seq[java.io.File]]("managedSources") in Scope(Build: file:/D:/workspace-scala/scala-rest/, , Project: ProjectReference(file:/D:/workspace-scala/scala-rest/,scala-rest), Config: compile)))
Sending msg to client activator-3a220bc8-a237-4161-a89a-3c5b0c083ed8: TaskFinished(1,80,Some(AttributeKey[scala.collection.Seq[java.io.File]]("unmanagedSources") in Scope(Build: file:/D:/workspace-scala/scala-rest/, , Project: ProjectReference(file:/D:/workspace-scala/scala-rest/,scala-rest), Config: compile)),true,None)
Sending msg to client activator-3a220bc8-a237-4161-a89a-3c5b0c083ed8: TaskStarted(1,79,Some(AttributeKey[scala.collection.Seq[java.io.File]]("unmanagedSources") in Scope(Build: file:/D:/workspace-scala/scala-rest/, , Project: ProjectReference(file:/D:/workspace-scala/scala-rest/,scala-rest), Config: compile)))
Sending msg to client activator-3a220bc8-a237-4161-a89a-3c5b0c083ed8: TaskFinished(1,83,Some(AttributeKey[sbt.SendEventService]("sendEventService") in Scope(Global)),true,None)
Sending msg to client activator-3a220bc8-a237-4161-a89a-3c5b0c083ed8: TaskFinished(1,6,None,true,None)
Sending msg to client activator-3a220bc8-a237-4161-a89a-3c5b0c083ed8: TaskFinished(1,15,None,true,None)
Sending msg to client activator-3a220bc8-a237-4161-a89a-3c5b0c083ed8: TaskFinished(1,36,None,true,None)
Sending msg to client activator-3a220bc8-a237-4161-a89a-3c5b0c083ed8: TaskFinished(1,29,None,true,None)
Sending msg to client activator-3a220bc8-a237-4161-a89a-3c5b0c083ed8: TaskFinished(1,38,None,true,None)
Sending msg to client activator-3a220bc8-a237-4161-a89a-3c5b0c083ed8: TaskFinished(1,47,None,true,None)
Sending msg to client activator-3a220bc8-a237-4161-a89a-3c5b0c083ed8: TaskFinished(1,46,None,true,None)
Sending msg to client activator-3a220bc8-a237-4161-a89a-3c5b0c083ed8: TaskStarted(1,45,Some(AttributeKey[scala.collection.immutable.Map[sbt.ModuleID,sbt.SourcePosition]]("dependencyPositions") in Scope(Build: file:/D:/workspace-scala/scala-rest/, , Project: ProjectReference(file:/D:/workspace-scala/scala-rest/,scala-rest))))
Sending msg to client activator-3a220bc8-a237-4161-a89a-3c5b0c083ed8: TaskFinished(1,51,None,true,None)
Sending msg to client activator-3a220bc8-a237-4161-a89a-3c5b0c083ed8: TaskFinished(1,55,None,true,None)
Sending msg to client activator-3a220bc8-a237-4161-a89a-3c5b0c083ed8: TaskFinished(1,56,None,true,None)
Sending msg to client activator-3a220bc8-a237-4161-a89a-3c5b0c083ed8: TaskFinished(1,57,None,true,None)
Sending msg to client activator-3a220bc8-a237-4161-a89a-3c5b0c083ed8: TaskFinished(1,66,None,true,None)
Sending msg to client activator-3a220bc8-a237-4161-a89a-3c5b0c083ed8: TaskFinished(1,74,None,true,None)
Sending msg to client activator-3a220bc8-a237-4161-a89a-3c5b0c083ed8: TaskFinished(1,82,None,true,None)
Sending msg to client activator-3a220bc8-a237-4161-a89a-3c5b0c083ed8: TaskFinished(1,84,None,true,None)
Sending msg to client activator-3a220bc8-a237-4161-a89a-3c5b0c083ed8: TaskFinished(1,22,Some(AttributeKey[sbt.BuildStructure]("buildStructure") in Scope(Global)),true,None)
Sending msg to client activator-3a220bc8-a237-4161-a89a-3c5b0c083ed8: TaskStarted(1,21,Some(AttributeKey[sbt.Settings[sbt.Scope]]("settingsData") in Scope(Global)))
Sending msg to client activator-3a220bc8-a237-4161-a89a-3c5b0c083ed8: TaskFinished(1,43,Some(AttributeKey[java.io.File]("dependencyCacheDirectory") in Scope(Build: file:/D:/workspace-scala/scala-rest/, , Project: ProjectReference(file:/D:/workspace-scala/scala-rest/,scala-rest))),true,None)
Sending msg to client activator-3a220bc8-a237-4161-a89a-3c5b0c083ed8: TaskFinished(1,61,Some(AttributeKey[xsbti.compile.GlobalsCache]("compilerCache") in Scope(Global)),true,None)
Sending msg to client activator-3a220bc8-a237-4161-a89a-3c5b0c083ed8: TaskFinished(1,40,Some(AttributeKey[scala.collection.Seq[sbt.UpdateReport]]("transitiveUpdate") in Scope(Build: file:/D:/workspace-scala/scala-rest/, , Project: ProjectReference(file:/D:/workspace-scala/scala-rest/,scala-rest))),true,None)
Sending msg to client activator-3a220bc8-a237-4161-a89a-3c5b0c083ed8: TaskFinished(1,58,Some(AttributeKey[sbt.inc.IncOptions]("incOptions") in Scope(Build: file:/D:/workspace-scala/scala-rest/, , Project: ProjectReference(file:/D:/workspace-scala/scala-rest/,scala-rest))),true,None)
Sending msg to client activator-3a220bc8-a237-4161-a89a-3c5b0c083ed8: TaskFinished(1,77,Some(AttributeKey[scala.collection.Seq[java.io.File]]("managedSources") in Scope(Build: file:/D:/workspace-scala/scala-rest/, , Project: ProjectReference(file:/D:/workspace-scala/scala-rest/,scala-rest), Config: compile)),true,None)
Sending msg to client activator-3a220bc8-a237-4161-a89a-3c5b0c083ed8: TaskFinished(1,79,Some(AttributeKey[scala.collection.Seq[java.io.File]]("unmanagedSources") in Scope(Build: file:/D:/workspace-scala/scala-rest/, , Project: ProjectReference(file:/D:/workspace-scala/scala-rest/,scala-rest), Config: compile)),true,None)
Sending msg to client activator-3a220bc8-a237-4161-a89a-3c5b0c083ed8: TaskStarted(1,76,Some(AttributeKey[scala.collection.Seq[java.io.File]]("sources") in Scope(Build: file:/D:/workspace-scala/scala-rest/, , Project: ProjectReference(file:/D:/workspace-scala/scala-rest/,scala-rest), Config: compile)))
Sending msg to client activator-3a220bc8-a237-4161-a89a-3c5b0c083ed8: TaskFinished(1,45,Some(AttributeKey[scala.collection.immutable.Map[sbt.ModuleID,sbt.SourcePosition]]("dependencyPositions") in Scope(Build: file:/D:/workspace-scala/scala-rest/, , Project: ProjectReference(file:/D:/workspace-scala/scala-rest/,scala-rest))),true,None)
Sending msg to client activator-3a220bc8-a237-4161-a89a-3c5b0c083ed8: TaskStarted(1,44,Some(AttributeKey[sbt.UnresolvedWarningConfiguration]("unresolvedWarningConfiguration") in Scope(Build: file:/D:/workspace-scala/scala-rest/, , Project: ProjectReference(file:/D:/workspace-scala/scala-rest/,scala-rest), Task: AttributeKey[sbt.UpdateReport]("update"))))
Sending msg to client activator-3a220bc8-a237-4161-a89a-3c5b0c083ed8: TaskFinished(1,21,Some(AttributeKey[sbt.Settings[sbt.Scope]]("settingsData") in Scope(Global)),true,None)
Sending msg to client activator-3a220bc8-a237-4161-a89a-3c5b0c083ed8: TaskStarted(1,19,None)
Sending msg to client activator-3a220bc8-a237-4161-a89a-3c5b0c083ed8: TaskStarted(1,27,Some(AttributeKey[scala.collection.Seq[sbt.ModuleID]]("projectDependencies") in Scope(Build: file:/D:/workspace-scala/scala-rest/, , Project: ProjectReference(file:/D:/workspace-scala/scala-rest/,scala-rest))))
Sending msg to client activator-3a220bc8-a237-4161-a89a-3c5b0c083ed8: TaskStarted(1,35,Some(AttributeKey[scala.collection.immutable.Map[org.apache.ivy.core.module.id.ModuleRevisionId,org.apache.ivy.core.module.descriptor.ModuleDescriptor]]("projectDescriptors") in Scope(Build: file:/D:/workspace-scala/scala-rest/, , Project: ProjectReference(file:/D:/workspace-scala/scala-rest/,scala-rest))))
Sending msg to client activator-3a220bc8-a237-4161-a89a-3c5b0c083ed8: TaskStarted(1,54,None)
Sending msg to client activator-3a220bc8-a237-4161-a89a-3c5b0c083ed8: TaskStarted(1,70,None)
Sending msg to client activator-3a220bc8-a237-4161-a89a-3c5b0c083ed8: TaskStarted(1,72,Some(AttributeKey[sbt.ScalaInstance]("scalaInstance") in Scope(Build: file:/D:/workspace-scala/scala-rest/, , Project: ProjectReference(file:/D:/workspace-scala/scala-rest/,scala-rest))))
Sending msg to client activator-3a220bc8-a237-4161-a89a-3c5b0c083ed8: TaskFinished(1,76,Some(AttributeKey[scala.collection.Seq[java.io.File]]("sources") in Scope(Build: file:/D:/workspace-scala/scala-rest/, , Project: ProjectReference(file:/D:/workspace-scala/scala-rest/,scala-rest), Config: compile)),true,None)
Sending msg to client activator-3a220bc8-a237-4161-a89a-3c5b0c083ed8: TaskFinished(1,44,Some(AttributeKey[sbt.UnresolvedWarningConfiguration]("unresolvedWarningConfiguration") in Scope(Build: file:/D:/workspace-scala/scala-rest/, , Project: ProjectReference(file:/D:/workspace-scala/scala-rest/,scala-rest), Task: AttributeKey[sbt.UpdateReport]("update"))),true,None)
Sending msg to client activator-3a220bc8-a237-4161-a89a-3c5b0c083ed8: TaskStarted(1,86,None)
Sending msg to client activator-3a220bc8-a237-4161-a89a-3c5b0c083ed8: TaskFinished(1,27,Some(AttributeKey[scala.collection.Seq[sbt.ModuleID]]("projectDependencies") in Scope(Build: file:/D:/workspace-scala/scala-rest/, , Project: ProjectReference(file:/D:/workspace-scala/scala-rest/,scala-rest))),true,None)
Sending msg to client activator-3a220bc8-a237-4161-a89a-3c5b0c083ed8: TaskStarted(1,26,Some(AttributeKey[scala.collection.Seq[sbt.ModuleID]]("allDependencies") in Scope(Build: file:/D:/workspace-scala/scala-rest/, , Project: ProjectReference(file:/D:/workspace-scala/scala-rest/,scala-rest))))
Sending msg to client activator-3a220bc8-a237-4161-a89a-3c5b0c083ed8: TaskStarted(1,88,None)
Sending msg to client activator-3a220bc8-a237-4161-a89a-3c5b0c083ed8: TaskStarted(1,93,None)
Sending msg to client activator-3a220bc8-a237-4161-a89a-3c5b0c083ed8: TaskStarted(1,94,None)
Sending msg to client activator-3a220bc8-a237-4161-a89a-3c5b0c083ed8: TaskStarted(1,96,None)
Sending msg to client activator-3a220bc8-a237-4161-a89a-3c5b0c083ed8: TaskStarted(1,98,None)
Sending msg to client activator-3a220bc8-a237-4161-a89a-3c5b0c083ed8: TaskStarted(1,99,None)
Sending msg to client activator-3a220bc8-a237-4161-a89a-3c5b0c083ed8: TaskFinished(1,86,None,true,None)
Sending msg to client activator-3a220bc8-a237-4161-a89a-3c5b0c083ed8: TaskFinished(1,19,None,true,None)
Sending msg to client activator-3a220bc8-a237-4161-a89a-3c5b0c083ed8: TaskFinished(1,26,Some(AttributeKey[scala.collection.Seq[sbt.ModuleID]]("allDependencies") in Scope(Build: file:/D:/workspace-scala/scala-rest/, , Project: ProjectReference(file:/D:/workspace-scala/scala-rest/,scala-rest))),true,None)
Sending msg to client activator-3a220bc8-a237-4161-a89a-3c5b0c083ed8: TaskStarted(1,25,Some(AttributeKey[sbt.ModuleSettings]("moduleSettings") in Scope(Build: file:/D:/workspace-scala/scala-rest/, , Project: ProjectReference(file:/D:/workspace-scala/scala-rest/,scala-rest))))
Sending msg to client activator-3a220bc8-a237-4161-a89a-3c5b0c083ed8: TaskFinished(1,88,None,true,None)
Sending msg to client activator-3a220bc8-a237-4161-a89a-3c5b0c083ed8: TaskStarted(1,87,None)
Sending msg to client activator-3a220bc8-a237-4161-a89a-3c5b0c083ed8: TaskFinished(1,93,None,true,None)
Sending msg to client activator-3a220bc8-a237-4161-a89a-3c5b0c083ed8: TaskFinished(1,94,None,true,None)
Sending msg to client activator-3a220bc8-a237-4161-a89a-3c5b0c083ed8: TaskStarted(1,92,Some(AttributeKey[scala.collection.Seq[sbt.Attributed[java.io.File]]]("unmanagedJars") in Scope(Build: file:/D:/workspace-scala/scala-rest/, , Project: ProjectReference(file:/D:/workspace-scala/scala-rest/,scala-rest), Config: compile)))
Sending msg to client activator-3a220bc8-a237-4161-a89a-3c5b0c083ed8: TaskFinished(1,96,None,true,None)
Sending msg to client activator-3a220bc8-a237-4161-a89a-3c5b0c083ed8: TaskStarted(1,95,None)
Sending msg to client activator-3a220bc8-a237-4161-a89a-3c5b0c083ed8: TaskFinished(1,98,None,true,None)
Sending msg to client activator-3a220bc8-a237-4161-a89a-3c5b0c083ed8: TaskStarted(1,97,None)
Sending msg to client activator-3a220bc8-a237-4161-a89a-3c5b0c083ed8: TaskFinished(1,99,None,true,None)
Sending msg to client activator-3a220bc8-a237-4161-a89a-3c5b0c083ed8: TaskFinished(1,72,Some(AttributeKey[sbt.ScalaInstance]("scalaInstance") in Scope(Build: file:/D:/workspace-scala/scala-rest/, , Project: ProjectReference(file:/D:/workspace-scala/scala-rest/,scala-rest))),true,None)
Sending msg to client activator-3a220bc8-a237-4161-a89a-3c5b0c083ed8: TaskStarted(1,71,Some(AttributeKey[sbt.Compiler$Compilers]("compilers") in Scope(Global)))
Sending msg to client activator-3a220bc8-a237-4161-a89a-3c5b0c083ed8: TaskFinished(1,25,Some(AttributeKey[sbt.ModuleSettings]("moduleSettings") in Scope(Build: file:/D:/workspace-scala/scala-rest/, , Project: ProjectReference(file:/D:/workspace-scala/scala-rest/,scala-rest))),true,None)
Sending msg to client activator-3a220bc8-a237-4161-a89a-3c5b0c083ed8: TaskFinished(1,87,None,true,None)
Sending msg to client activator-3a220bc8-a237-4161-a89a-3c5b0c083ed8: TaskFinished(1,35,Some(AttributeKey[scala.collection.immutable.Map[org.apache.ivy.core.module.id.ModuleRevisionId,org.apache.ivy.core.module.descriptor.ModuleDescriptor]]("projectDescriptors") in Scope(Build: file:/D:/workspace-scala/scala-rest/, , Project: ProjectReference(file:/D:/workspace-scala/scala-rest/,scala-rest))),true,None)
Sending msg to client activator-3a220bc8-a237-4161-a89a-3c5b0c083ed8: TaskStarted(1,34,Some(AttributeKey[sbt.Resolver]("projectResolver") in Scope(Build: file:/D:/workspace-scala/scala-rest/, , Project: ProjectReference(file:/D:/workspace-scala/scala-rest/,scala-rest))))
Sending msg to client activator-3a220bc8-a237-4161-a89a-3c5b0c083ed8: TaskFinished(1,92,Some(AttributeKey[scala.collection.Seq[sbt.Attributed[java.io.File]]]("unmanagedJars") in Scope(Build: file:/D:/workspace-scala/scala-rest/, , Project: ProjectReference(file:/D:/workspace-scala/scala-rest/,scala-rest), Config: compile)),true,None)
Sending msg to client activator-3a220bc8-a237-4161-a89a-3c5b0c083ed8: TaskStarted(1,100,None)
Sending msg to client activator-3a220bc8-a237-4161-a89a-3c5b0c083ed8: TaskFinished(1,97,None,true,None)
Sending msg to client activator-3a220bc8-a237-4161-a89a-3c5b0c083ed8: TaskFinished(1,70,None,true,None)
Sending msg to client activator-3a220bc8-a237-4161-a89a-3c5b0c083ed8: TaskFinished(1,71,Some(AttributeKey[sbt.Compiler$Compilers]("compilers") in Scope(Global)),true,None)
Sending msg to client activator-3a220bc8-a237-4161-a89a-3c5b0c083ed8: TaskFinished(1,34,Some(AttributeKey[sbt.Resolver]("projectResolver") in Scope(Build: file:/D:/workspace-scala/scala-rest/, , Project: ProjectReference(file:/D:/workspace-scala/scala-rest/,scala-rest))),true,None)
Sending msg to client activator-3a220bc8-a237-4161-a89a-3c5b0c083ed8: TaskStarted(1,32,Some(AttributeKey[scala.collection.Seq[sbt.Resolver]]("fullResolvers") in Scope(Build: file:/D:/workspace-scala/scala-rest/, , Project: ProjectReference(file:/D:/workspace-scala/scala-rest/,scala-rest))))
Sending msg to client activator-3a220bc8-a237-4161-a89a-3c5b0c083ed8: TaskFinished(1,100,None,true,None)
Sending msg to client activator-3a220bc8-a237-4161-a89a-3c5b0c083ed8: TaskFinished(1,95,None,true,None)
Sending msg to client activator-3a220bc8-a237-4161-a89a-3c5b0c083ed8: TaskStarted(1,91,Some(AttributeKey[scala.collection.Seq[sbt.Attributed[java.io.File]]]("unmanagedJars") in Scope(Build: file:/D:/workspace-scala/scala-rest/, , Project: ProjectReference(file:/D:/workspace-scala/scala-rest/,scala-rest), Config: compile)))
Sending msg to client activator-3a220bc8-a237-4161-a89a-3c5b0c083ed8: TaskFinished(1,32,Some(AttributeKey[scala.collection.Seq[sbt.Resolver]]("fullResolvers") in Scope(Build: file:/D:/workspace-scala/scala-rest/, , Project: ProjectReference(file:/D:/workspace-scala/scala-rest/,scala-rest))),true,None)
Sending msg to client activator-3a220bc8-a237-4161-a89a-3c5b0c083ed8: TaskStarted(1,31,Some(AttributeKey[sbt.IvyConfiguration]("ivyConfiguration") in Scope(Build: file:/D:/workspace-scala/scala-rest/, , Project: ProjectReference(file:/D:/workspace-scala/scala-rest/,scala-rest))))
Sending msg to client activator-3a220bc8-a237-4161-a89a-3c5b0c083ed8: TaskFinished(1,91,Some(AttributeKey[scala.collection.Seq[sbt.Attributed[java.io.File]]]("unmanagedJars") in Scope(Build: file:/D:/workspace-scala/scala-rest/, , Project: ProjectReference(file:/D:/workspace-scala/scala-rest/,scala-rest), Config: compile)),true,None)
Sending msg to client activator-3a220bc8-a237-4161-a89a-3c5b0c083ed8: TaskStarted(1,90,None)
Sending msg to client activator-3a220bc8-a237-4161-a89a-3c5b0c083ed8: TaskFinished(1,31,Some(AttributeKey[sbt.IvyConfiguration]("ivyConfiguration") in Scope(Build: file:/D:/workspace-scala/scala-rest/, , Project: ProjectReference(file:/D:/workspace-scala/scala-rest/,scala-rest))),true,None)
Sending msg to client activator-3a220bc8-a237-4161-a89a-3c5b0c083ed8: TaskStarted(1,28,Some(AttributeKey[sbt.IvySbt]("ivySbt") in Scope(Build: file:/D:/workspace-scala/scala-rest/, , Project: ProjectReference(file:/D:/workspace-scala/scala-rest/,scala-rest))))
Sending msg to client activator-3a220bc8-a237-4161-a89a-3c5b0c083ed8: TaskFinished(1,90,None,true,None)
Sending msg to client activator-3a220bc8-a237-4161-a89a-3c5b0c083ed8: TaskStarted(1,89,None)
Sending msg to client activator-3a220bc8-a237-4161-a89a-3c5b0c083ed8: TaskFinished(1,28,Some(AttributeKey[sbt.IvySbt]("ivySbt") in Scope(Build: file:/D:/workspace-scala/scala-rest/, , Project: ProjectReference(file:/D:/workspace-scala/scala-rest/,scala-rest))),true,None)
Sending msg to client activator-3a220bc8-a237-4161-a89a-3c5b0c083ed8: TaskStarted(1,24,Some(AttributeKey[sbt.IvySbt$Module]("ivyModule") in Scope(Build: file:/D:/workspace-scala/scala-rest/, , Project: ProjectReference(file:/D:/workspace-scala/scala-rest/,scala-rest))))
Sending msg to client activator-3a220bc8-a237-4161-a89a-3c5b0c083ed8: TaskFinished(1,89,None,true,None)
Sending msg to client activator-3a220bc8-a237-4161-a89a-3c5b0c083ed8: TaskFinished(1,54,None,true,None)
Sending msg to client activator-3a220bc8-a237-4161-a89a-3c5b0c083ed8: TaskStarted(1,53,Some(AttributeKey[scala.collection.Seq[sbt.Attributed[java.io.File]]]("unmanagedClasspath") in Scope(Build: file:/D:/workspace-scala/scala-rest/, , Project: ProjectReference(file:/D:/workspace-scala/scala-rest/,scala-rest), Config: compile)))
Sending msg to client activator-3a220bc8-a237-4161-a89a-3c5b0c083ed8: TaskFinished(1,24,Some(AttributeKey[sbt.IvySbt$Module]("ivyModule") in Scope(Build: file:/D:/workspace-scala/scala-rest/, , Project: ProjectReference(file:/D:/workspace-scala/scala-rest/,scala-rest))),true,None)
Sending msg to client activator-3a220bc8-a237-4161-a89a-3c5b0c083ed8: TaskStarted(1,16,Some(AttributeKey[sbt.UpdateReport]("update") in Scope(Build: file:/D:/workspace-scala/scala-rest/, , Project: ProjectReference(file:/D:/workspace-scala/scala-rest/,scala-rest))))
Sending msg to client activator-3a220bc8-a237-4161-a89a-3c5b0c083ed8: TaskFinished(1,53,Some(AttributeKey[scala.collection.Seq[sbt.Attributed[java.io.File]]]("unmanagedClasspath") in Scope(Build: file:/D:/workspace-scala/scala-rest/, , Project: ProjectReference(file:/D:/workspace-scala/scala-rest/,scala-rest), Config: compile)),true,None)
Sending msg to client activator-3a220bc8-a237-4161-a89a-3c5b0c083ed8: TaskFinished(1,16,Some(AttributeKey[sbt.UpdateReport]("update") in Scope(Build: file:/D:/workspace-scala/scala-rest/, , Project: ProjectReference(file:/D:/workspace-scala/scala-rest/,scala-rest))),true,None)
Sending msg to client activator-3a220bc8-a237-4161-a89a-3c5b0c083ed8: TaskStarted(1,14,Some(AttributeKey[sbt.UpdateReport]("update") in Scope(Build: file:/D:/workspace-scala/scala-rest/, , Project: ProjectReference(file:/D:/workspace-scala/scala-rest/,scala-rest))))
Sending msg to client activator-3a220bc8-a237-4161-a89a-3c5b0c083ed8: TaskFinished(1,14,Some(AttributeKey[sbt.UpdateReport]("update") in Scope(Build: file:/D:/workspace-scala/scala-rest/, , Project: ProjectReference(file:/D:/workspace-scala/scala-rest/,scala-rest))),true,None)
Sending msg to client activator-3a220bc8-a237-4161-a89a-3c5b0c083ed8: TaskStarted(1,12,Some(AttributeKey[sbt.Configuration]("classpathConfiguration") in Scope(Build: file:/D:/workspace-scala/scala-rest/, , Project: ProjectReference(file:/D:/workspace-scala/scala-rest/,scala-rest), Config: compile)))
Sending msg to client activator-3a220bc8-a237-4161-a89a-3c5b0c083ed8: TaskStarted(1,68,Some(AttributeKey[scala.collection.Seq[java.lang.String]]("scalacOptions") in Scope(Build: file:/D:/workspace-scala/scala-rest/, , Project: ProjectReference(file:/D:/workspace-scala/scala-rest/,scala-rest), Config: compile)))
Sending msg to client activator-3a220bc8-a237-4161-a89a-3c5b0c083ed8: TaskFinished(1,12,Some(AttributeKey[sbt.Configuration]("classpathConfiguration") in Scope(Build: file:/D:/workspace-scala/scala-rest/, , Project: ProjectReference(file:/D:/workspace-scala/scala-rest/,scala-rest), Config: compile)),true,None)
Sending msg to client activator-3a220bc8-a237-4161-a89a-3c5b0c083ed8: TaskStarted(1,11,None)
Sending msg to client activator-3a220bc8-a237-4161-a89a-3c5b0c083ed8: TaskStarted(1,52,None)
Sending msg to client activator-3a220bc8-a237-4161-a89a-3c5b0c083ed8: TaskFinished(1,68,Some(AttributeKey[scala.collection.Seq[java.lang.String]]("scalacOptions") in Scope(Build: file:/D:/workspace-scala/scala-rest/, , Project: ProjectReference(file:/D:/workspace-scala/scala-rest/,scala-rest), Config: compile)),true,None)
Sending msg to client activator-3a220bc8-a237-4161-a89a-3c5b0c083ed8: TaskStarted(1,103,None)
Sending msg to client activator-3a220bc8-a237-4161-a89a-3c5b0c083ed8: TaskStarted(1,104,None)
Sending msg to client activator-3a220bc8-a237-4161-a89a-3c5b0c083ed8: TaskFinished(1,52,None,true,None)
Sending msg to client activator-3a220bc8-a237-4161-a89a-3c5b0c083ed8: TaskStarted(1,50,Some(AttributeKey[scala.collection.Seq[sbt.Attributed[java.io.File]]]("managedClasspath") in Scope(Build: file:/D:/workspace-scala/scala-rest/, , Project: ProjectReference(file:/D:/workspace-scala/scala-rest/,scala-rest), Config: compile)))
Sending msg to client activator-3a220bc8-a237-4161-a89a-3c5b0c083ed8: TaskFinished(1,103,None,true,None)
Sending msg to client activator-3a220bc8-a237-4161-a89a-3c5b0c083ed8: TaskFinished(1,104,None,true,None)
Sending msg to client activator-3a220bc8-a237-4161-a89a-3c5b0c083ed8: TaskStarted(1,102,None)
Sending msg to client activator-3a220bc8-a237-4161-a89a-3c5b0c083ed8: TaskFinished(1,50,Some(AttributeKey[scala.collection.Seq[sbt.Attributed[java.io.File]]]("managedClasspath") in Scope(Build: file:/D:/workspace-scala/scala-rest/, , Project: ProjectReference(file:/D:/workspace-scala/scala-rest/,scala-rest), Config: compile)),true,None)
Sending msg to client activator-3a220bc8-a237-4161-a89a-3c5b0c083ed8: TaskStarted(1,49,None)
Sending msg to client activator-3a220bc8-a237-4161-a89a-3c5b0c083ed8: TaskFinished(1,102,None,true,None)
Sending msg to client activator-3a220bc8-a237-4161-a89a-3c5b0c083ed8: TaskStarted(1,101,None)
Sending msg to client activator-3a220bc8-a237-4161-a89a-3c5b0c083ed8: TaskFinished(1,49,None,true,None)
Sending msg to client activator-3a220bc8-a237-4161-a89a-3c5b0c083ed8: TaskStarted(1,48,Some(AttributeKey[scala.collection.Seq[sbt.Attributed[java.io.File]]]("externalDependencyClasspath") in Scope(Build: file:/D:/workspace-scala/scala-rest/, , Project: ProjectReference(file:/D:/workspace-scala/scala-rest/,scala-rest), Config: compile)))
Sending msg to client activator-3a220bc8-a237-4161-a89a-3c5b0c083ed8: TaskFinished(1,101,None,true,None)
Sending msg to client activator-3a220bc8-a237-4161-a89a-3c5b0c083ed8: TaskFinished(1,11,None,true,None)
Sending msg to client activator-3a220bc8-a237-4161-a89a-3c5b0c083ed8: TaskStarted(1,10,Some(AttributeKey[scala.collection.Seq[sbt.Attributed[java.io.File]]]("internalDependencyClasspath") in Scope(Build: file:/D:/workspace-scala/scala-rest/, , Project: ProjectReference(file:/D:/workspace-scala/scala-rest/,scala-rest), Config: compile)))
Sending msg to client activator-3a220bc8-a237-4161-a89a-3c5b0c083ed8: TaskFinished(1,48,Some(AttributeKey[scala.collection.Seq[sbt.Attributed[java.io.File]]]("externalDependencyClasspath") in Scope(Build: file:/D:/workspace-scala/scala-rest/, , Project: ProjectReference(file:/D:/workspace-scala/scala-rest/,scala-rest), Config: compile)),true,None)
Sending msg to client activator-3a220bc8-a237-4161-a89a-3c5b0c083ed8: TaskFinished(1,10,Some(AttributeKey[scala.collection.Seq[sbt.Attributed[java.io.File]]]("internalDependencyClasspath") in Scope(Build: file:/D:/workspace-scala/scala-rest/, , Project: ProjectReference(file:/D:/workspace-scala/scala-rest/,scala-rest), Config: compile)),true,None)
Sending msg to client activator-3a220bc8-a237-4161-a89a-3c5b0c083ed8: TaskStarted(1,9,None)
Sending msg to client activator-3a220bc8-a237-4161-a89a-3c5b0c083ed8: TaskFinished(1,9,None,true,None)
Sending msg to client activator-3a220bc8-a237-4161-a89a-3c5b0c083ed8: TaskStarted(1,8,Some(AttributeKey[scala.collection.Seq[sbt.Attributed[java.io.File]]]("dependencyClasspath") in Scope(Build: file:/D:/workspace-scala/scala-rest/, , Project: ProjectReference(file:/D:/workspace-scala/scala-rest/,scala-rest), Config: compile)))
Sending msg to client activator-3a220bc8-a237-4161-a89a-3c5b0c083ed8: TaskFinished(1,8,Some(AttributeKey[scala.collection.Seq[sbt.Attributed[java.io.File]]]("dependencyClasspath") in Scope(Build: file:/D:/workspace-scala/scala-rest/, , Project: ProjectReference(file:/D:/workspace-scala/scala-rest/,scala-rest), Config: compile)),true,None)
Sending msg to client activator-3a220bc8-a237-4161-a89a-3c5b0c083ed8: TaskStarted(1,5,Some(AttributeKey[sbt.Compiler$IncSetup]("incCompileSetup") in Scope(Build: file:/D:/workspace-scala/scala-rest/, , Project: ProjectReference(file:/D:/workspace-scala/scala-rest/,scala-rest), Config: compile)))
Sending msg to client activator-3a220bc8-a237-4161-a89a-3c5b0c083ed8: TaskFinished(1,5,Some(AttributeKey[sbt.Compiler$IncSetup]("incCompileSetup") in Scope(Build: file:/D:/workspace-scala/scala-rest/, , Project: ProjectReference(file:/D:/workspace-scala/scala-rest/,scala-rest), Config: compile)),true,None)
Sending msg to client activator-3a220bc8-a237-4161-a89a-3c5b0c083ed8: TaskStarted(1,65,Some(AttributeKey[sbt.Compiler$Inputs]("compileInputs") in Scope(Build: file:/D:/workspace-scala/scala-rest/, , Project: ProjectReference(file:/D:/workspace-scala/scala-rest/,scala-rest), Config: compile, Task: AttributeKey[sbt.inc.Analysis]("compile"))))
Sending msg to client activator-3a220bc8-a237-4161-a89a-3c5b0c083ed8: TaskStarted(1,85,Some(AttributeKey[sbt.Compiler$PreviousAnalysis]("readAnalysis") in Scope(Build: file:/D:/workspace-scala/scala-rest/, , Project: ProjectReference(file:/D:/workspace-scala/scala-rest/,scala-rest), Config: compile)))
Sending msg to client activator-3a220bc8-a237-4161-a89a-3c5b0c083ed8: TaskFinished(1,65,Some(AttributeKey[sbt.Compiler$Inputs]("compileInputs") in Scope(Build: file:/D:/workspace-scala/scala-rest/, , Project: ProjectReference(file:/D:/workspace-scala/scala-rest/,scala-rest), Config: compile, Task: AttributeKey[sbt.inc.Analysis]("compile"))),true,None)
Sending msg to client activator-3a220bc8-a237-4161-a89a-3c5b0c083ed8: TaskStarted(1,81,Some(AttributeKey[scala.Option[xsbti.Reporter]]("compilerReporter") in Scope(Build: file:/D:/workspace-scala/scala-rest/, , Project: ProjectReference(file:/D:/workspace-scala/scala-rest/,scala-rest), Config: compile, Task: AttributeKey[sbt.inc.Analysis]("compile"))))
Sending msg to client activator-3a220bc8-a237-4161-a89a-3c5b0c083ed8: TaskFinished(1,81,Some(AttributeKey[scala.Option[xsbti.Reporter]]("compilerReporter") in Scope(Build: file:/D:/workspace-scala/scala-rest/, , Project: ProjectReference(file:/D:/workspace-scala/scala-rest/,scala-rest), Config: compile, Task: AttributeKey[sbt.inc.Analysis]("compile"))),true,None)
Sending msg to client activator-3a220bc8-a237-4161-a89a-3c5b0c083ed8: TaskFinished(1,85,Some(AttributeKey[sbt.Compiler$PreviousAnalysis]("readAnalysis") in Scope(Build: file:/D:/workspace-scala/scala-rest/, , Project: ProjectReference(file:/D:/workspace-scala/scala-rest/,scala-rest), Config: compile)),true,None)
Sending msg to client activator-3a220bc8-a237-4161-a89a-3c5b0c083ed8: TaskStarted(1,64,Some(AttributeKey[sbt.compiler.IC$Result]("compileIncremental") in Scope(Build: file:/D:/workspace-scala/scala-rest/, , Project: ProjectReference(file:/D:/workspace-scala/scala-rest/,scala-rest), Config: compile)))
Sending msg to client activator-3a220bc8-a237-4161-a89a-3c5b0c083ed8: TaskLogEvent(64,LogMessage(debug,
Initial source changes: 
	removed:Set(D:\workspace-scala\spray-actor-per-request\src\main\scala\com\netaporter\routing\PerRequest.scala, D:\workspace-scala\spray-actor-per-request\src\main\scala\com\netaporter\clients\DummyClients.scala, D:\workspace-scala\spray-actor-per-request\src\main\scala\com\netaporter\routing\RestRouting.scala, D:\workspace-scala\spray-actor-per-request\src\main\scala\com\netaporter\Boot.scala, D:\workspace-scala\spray-actor-per-request\src\main\scala\com\netaporter\Domain.scala, D:\workspace-scala\spray-actor-per-request\src\main\scala\com\netaporter\core\DummyAppCore.scala)
	added: Set(D:\workspace-scala\scala-rest\src\main\scala\com\ikhsan\scala\dao\DeviceIdentifierDao.scala, D:\workspace-scala\scala-rest\src\main\scala\com\ikhsan\scala\rest\core\DummyAppCore.scala, D:\workspace-scala\scala-rest\src\main\scala\com\ikhsan\scala\rest\clients\Authentication.scala, D:\workspace-scala\scala-rest\src\main\scala\com\ikhsan\scala\rest\clients\DummyClients.scala, D:\workspace-scala\scala-rest\src\main\scala\com\ikhsan\scala\rest\Domain.scala, D:\workspace-scala\scala-rest\src\main\scala\com\ikhsan\scala\dao\repo\util\Time.scala, D:\workspace-scala\scala-rest\src\main\scala\com\ikhsan\scala\dao\DeviceModelDao.scala, D:\workspace-scala\scala-rest\src\main\scala\com\ikhsan\scala\dao\Main.scala, D:\workspace-scala\scala-rest\src\main\scala\com\ikhsan\scala\rest\Boot.scala, D:\workspace-scala\scala-rest\src\main\scala\com\ikhsan\scala\dao\DatabaseAccess.scala, D:\workspace-scala\scala-rest\src\main\scala\com\ikhsan\scala\rest\routing\RestRouting.scala, D:\workspace-scala\scala-rest\src\main\scala\com\ikhsan\scala\rest\routing\PerRequest.scala, D:\workspace-scala\scala-rest\src\main\scala\com\ikhsan\scala\rest\core\ProvisionCore.scala)
	modified: Set()
Removed products: Set(D:\workspace-scala\spray-actor-per-request\target\scala-2.10\classes\com\netaporter\core\GetPetsWithOwnersActor$$anonfun$1.class, D:\workspace-scala\spray-actor-per-request\target\scala-2.10\classes\com\netaporter\routing\PerRequest.class, D:\workspace-scala\spray-actor-per-request\target\scala-2.10\classes\com\netaporter\routing\PerRequest$WithActorRef$.class, D:\workspace-scala\spray-actor-per-request\target\scala-2.10\classes\com\netaporter\Validation$.class, D:\workspace-scala\spray-actor-per-request\target\scala-2.10\classes\com\netaporter\Boot.class, D:\workspace-scala\spray-actor-per-request\target\scala-2.10\classes\com\netaporter\GetPetsWithOwners.class, D:\workspace-scala\spray-actor-per-request\target\scala-2.10\classes\com\netaporter\clients\PetClient$GetPets$.class, D:\workspace-scala\spray-actor-per-request\target\scala-2.10\classes\com\netaporter\routing\PerRequestCreator.class, D:\workspace-scala\spray-actor-per-request\target\scala-2.10\classes\com\netaporter\routing\PerRequest$WithActorRef.class, D:\workspace-scala\spray-actor-per-request\target\scala-2.10\classes\com\netaporter\clients\OwnerClient$OwnersForPets$.class, D:\workspace-scala\spray-actor-per-request\target\scala-2.10\classes\com\netaporter\clients\OwnerClient$OwnersForPets.class, D:\workspace-scala\spray-actor-per-request\target\scala-2.10\classes\com\netaporter\Boot$.class, D:\workspace-scala\spray-actor-per-request\target\scala-2.10\classes\com\netaporter\Boot$delayedInit$body.class, D:\workspace-scala\spray-actor-per-request\target\scala-2.10\classes\com\netaporter\clients\PetClient$Pets.class, D:\workspace-scala\spray-actor-per-request\target\scala-2.10\classes\com\netaporter\clients\OwnerClient$$anonfun$receive$2.class, D:\workspace-scala\spray-actor-per-request\target\scala-2.10\classes\com\netaporter\PetsWithOwners.class, D:\workspace-scala\spray-actor-per-request\target\scala-2.10\classes\com\netaporter\clients\PetClient$Pets$.class, D:\workspace-scala\spray-actor-per-request\target\scala-2.10\classes\com\netaporter\clients\PetClient$.class, D:\workspace-scala\spray-actor-per-request\target\scala-2.10\classes\com\netaporter\routing\PerRequest$$anonfun$receive$1.class, D:\workspace-scala\spray-actor-per-request\target\scala-2.10\classes\com\netaporter\routing\RestRouting$$anonfun$1.class, D:\workspace-scala\spray-actor-per-request\target\scala-2.10\classes\com\netaporter\routing\PerRequest$.class, D:\workspace-scala\spray-actor-per-request\target\scala-2.10\classes\com\netaporter\EnrichedPet.class, D:\workspace-scala\spray-actor-per-request\target\scala-2.10\classes\com\netaporter\clients\PetClient$$anonfun$receive$1.class, D:\workspace-scala\spray-actor-per-request\target\scala-2.10\classes\com\netaporter\clients\PetClient$$anonfun$receive$1$$anonfun$applyOrElse$1.class, D:\workspace-scala\spray-actor-per-request\target\scala-2.10\classes\com\netaporter\Owner.class, D:\workspace-scala\spray-actor-per-request\target\scala-2.10\classes\com\netaporter\routing\PerRequestCreator$$anonfun$perRequest$2.class, D:\workspace-scala\spray-actor-per-request\target\scala-2.10\classes\com\netaporter\core\GetPetsWithOwnersActor$$anonfun$receive$1.class, D:\workspace-scala\spray-actor-per-request\target\scala-2.10\classes\com\netaporter\PetsWithOwners$.class, D:\workspace-scala\spray-actor-per-request\target\scala-2.10\classes\com\netaporter\Owner$.class, D:\workspace-scala\spray-actor-per-request\target\scala-2.10\classes\com\netaporter\routing\PerRequest$WithProps$.class, D:\workspace-scala\spray-actor-per-request\target\scala-2.10\classes\com\netaporter\routing\PerRequest$$anonfun$1.class, D:\workspace-scala\spray-actor-per-request\target\scala-2.10\classes\com\netaporter\Error$.class, D:\workspace-scala\spray-actor-per-request\target\scala-2.10\classes\com\netaporter\PetOverflowException.class, D:\workspace-scala\spray-actor-per-request\target\scala-2.10\classes\com\netaporter\clients\OwnerClient.class, D:\workspace-scala\spray-actor-per-request\target\scala-2.10\classes\com\netaporter\Pet.class, D:\workspace-scala\spray-actor-per-request\target\scala-2.10\classes\com\netaporter\routing\RestRouting$$anonfun$petsWithOwner$1.class, D:\workspace-scala\spray-actor-per-request\target\scala-2.10\classes\com\netaporter\clients\OwnerClient$.class, D:\workspace-scala\spray-actor-per-request\target\scala-2.10\classes\com\netaporter\RestMessage.class, D:\workspace-scala\spray-actor-per-request\target\scala-2.10\classes\com\netaporter\routing\PerRequestCreator$class.class, D:\workspace-scala\spray-actor-per-request\target\scala-2.10\classes\com\netaporter\core\GetPetsWithOwnersActor.class, D:\workspace-scala\spray-actor-per-request\target\scala-2.10\classes\com\netaporter\clients\OwnerClient$GetOwnersForPets.class, D:\workspace-scala\spray-actor-per-request\target\scala-2.10\classes\com\netaporter\GetPetsWithOwners$.class, D:\workspace-scala\spray-actor-per-request\target\scala-2.10\classes\com\netaporter\Pet$.class, D:\workspace-scala\spray-actor-per-request\target\scala-2.10\classes\com\netaporter\clients\PetClient.class, D:\workspace-scala\spray-actor-per-request\target\scala-2.10\classes\com\netaporter\routing\PerRequestCreator$$anonfun$perRequest$1.class, D:\workspace-scala\spray-actor-per-request\target\scala-2.10\classes\com\netaporter\core\GetPetsWithOwnersActor$$anonfun$2.class, D:\workspace-scala\spray-actor-per-request\target\scala-2.10\classes\com\netaporter\routing\PerRequest$WithProps.class, D:\workspace-scala\spray-actor-per-request\target\scala-2.10\classes\com\netaporter\Boot$$anonfun$2.class, D:\workspace-scala\spray-actor-per-request\target\scala-2.10\classes\com\netaporter\routing\RestRouting$$anonfun$petsWithOwner$1$$anonfun$apply$1.class, D:\workspace-scala\spray-actor-per-request\target\scala-2.10\classes\com\netaporter\clients\PetClient$GetPets.class, D:\workspace-scala\spray-actor-per-request\target\scala-2.10\classes\com\netaporter\Validation.class, D:\workspace-scala\spray-actor-per-request\target\scala-2.10\classes\com\netaporter\routing\RestRouting.class, D:\workspace-scala\spray-actor-per-request\target\scala-2.10\classes\com\netaporter\clients\OwnerClient$GetOwnersForPets$.class, D:\workspace-scala\spray-actor-per-request\target\scala-2.10\classes\com\netaporter\Error.class, D:\workspace-scala\spray-actor-per-request\target\scala-2.10\classes\com\netaporter\EnrichedPet$.class, D:\workspace-scala\spray-actor-per-request\target\scala-2.10\classes\com\netaporter\core\GetPetsWithOwnersActor$$anonfun$waitingResponses$1.class, D:\workspace-scala\spray-actor-per-request\target\scala-2.10\classes\com\netaporter\routing\PerRequest$class.class, D:\workspace-scala\spray-actor-per-request\target\scala-2.10\classes\com\netaporter\Boot$$anonfun$1.class, D:\workspace-scala\spray-actor-per-request\target\scala-2.10\classes\com\netaporter\PetOverflowException$.class, D:\workspace-scala\spray-actor-per-request\target\scala-2.10\classes\com\netaporter\clients\OwnerClient$$anonfun$receive$2$$anonfun$1.class)
External API changes: API Changes: Set()
Modified binary dependencies: Set()
Initial directly invalidated sources: Set(D:\workspace-scala\scala-rest\src\main\scala\com\ikhsan\scala\dao\DeviceIdentifierDao.scala, D:\workspace-scala\spray-actor-per-request\src\main\scala\com\netaporter\routing\PerRequest.scala, D:\workspace-scala\scala-rest\src\main\scala\com\ikhsan\scala\rest\core\DummyAppCore.scala, D:\workspace-scala\scala-rest\src\main\scala\com\ikhsan\scala\rest\clients\Authentication.scala, D:\workspace-scala\scala-rest\src\main\scala\com\ikhsan\scala\rest\clients\DummyClients.scala, D:\workspace-scala\scala-rest\src\main\scala\com\ikhsan\scala\rest\Domain.scala, D:\workspace-scala\scala-rest\src\main\scala\com\ikhsan\scala\dao\repo\util\Time.scala, D:\workspace-scala\scala-rest\src\main\scala\com\ikhsan\scala\dao\DeviceModelDao.scala, D:\workspace-scala\scala-rest\src\main\scala\com\ikhsan\scala\dao\Main.scala, D:\workspace-scala\spray-actor-per-request\src\main\scala\com\netaporter\clients\DummyClients.scala, D:\workspace-scala\spray-actor-per-request\src\main\scala\com\netaporter\routing\RestRouting.scala, D:\workspace-scala\spray-actor-per-request\src\main\scala\com\netaporter\Boot.scala, D:\workspace-scala\scala-rest\src\main\scala\com\ikhsan\scala\rest\Boot.scala, D:\workspace-scala\spray-actor-per-request\src\main\scala\com\netaporter\Domain.scala, D:\workspace-scala\scala-rest\src\main\scala\com\ikhsan\scala\dao\DatabaseAccess.scala, D:\workspace-scala\spray-actor-per-request\src\main\scala\com\netaporter\core\DummyAppCore.scala, D:\workspace-scala\scala-rest\src\main\scala\com\ikhsan\scala\rest\routing\RestRouting.scala, D:\workspace-scala\scala-rest\src\main\scala\com\ikhsan\scala\rest\routing\PerRequest.scala, D:\workspace-scala\scala-rest\src\main\scala\com\ikhsan\scala\rest\core\ProvisionCore.scala)

Sources indirectly invalidated by:
	product: Set(D:\workspace-scala\spray-actor-per-request\src\main\scala\com\netaporter\routing\PerRequest.scala, D:\workspace-scala\spray-actor-per-request\src\main\scala\com\netaporter\clients\DummyClients.scala, D:\workspace-scala\spray-actor-per-request\src\main\scala\com\netaporter\routing\RestRouting.scala, D:\workspace-scala\spray-actor-per-request\src\main\scala\com\netaporter\Boot.scala, D:\workspace-scala\spray-actor-per-request\src\main\scala\com\netaporter\Domain.scala, D:\workspace-scala\spray-actor-per-request\src\main\scala\com\netaporter\core\DummyAppCore.scala)
	binary dep: Set()
	external source: Set()))
Sending msg to client activator-3a220bc8-a237-4161-a89a-3c5b0c083ed8: TaskLogEvent(64,LogMessage(debug,All initially invalidated sources: Set(D:\workspace-scala\scala-rest\src\main\scala\com\ikhsan\scala\dao\DeviceIdentifierDao.scala, D:\workspace-scala\spray-actor-per-request\src\main\scala\com\netaporter\routing\PerRequest.scala, D:\workspace-scala\scala-rest\src\main\scala\com\ikhsan\scala\rest\core\DummyAppCore.scala, D:\workspace-scala\scala-rest\src\main\scala\com\ikhsan\scala\rest\clients\Authentication.scala, D:\workspace-scala\scala-rest\src\main\scala\com\ikhsan\scala\rest\clients\DummyClients.scala, D:\workspace-scala\scala-rest\src\main\scala\com\ikhsan\scala\rest\Domain.scala, D:\workspace-scala\scala-rest\src\main\scala\com\ikhsan\scala\dao\repo\util\Time.scala, D:\workspace-scala\scala-rest\src\main\scala\com\ikhsan\scala\dao\DeviceModelDao.scala, D:\workspace-scala\scala-rest\src\main\scala\com\ikhsan\scala\dao\Main.scala, D:\workspace-scala\spray-actor-per-request\src\main\scala\com\netaporter\clients\DummyClients.scala, D:\workspace-scala\spray-actor-per-request\src\main\scala\com\netaporter\routing\RestRouting.scala, D:\workspace-scala\spray-actor-per-request\src\main\scala\com\netaporter\Boot.scala, D:\workspace-scala\scala-rest\src\main\scala\com\ikhsan\scala\rest\Boot.scala, D:\workspace-scala\spray-actor-per-request\src\main\scala\com\netaporter\Domain.scala, D:\workspace-scala\scala-rest\src\main\scala\com\ikhsan\scala\dao\DatabaseAccess.scala, D:\workspace-scala\spray-actor-per-request\src\main\scala\com\netaporter\core\DummyAppCore.scala, D:\workspace-scala\scala-rest\src\main\scala\com\ikhsan\scala\rest\routing\RestRouting.scala, D:\workspace-scala\scala-rest\src\main\scala\com\ikhsan\scala\rest\routing\PerRequest.scala, D:\workspace-scala\scala-rest\src\main\scala\com\ikhsan\scala\rest\core\ProvisionCore.scala)
))
Sending msg to client activator-3a220bc8-a237-4161-a89a-3c5b0c083ed8: TaskLogEvent(64,LogMessage(debug,Recompiling all 13 sources: invalidated sources (19) exceeded 50.0% of all sources))
Sending msg to client activator-3a220bc8-a237-4161-a89a-3c5b0c083ed8: TaskLogEvent(64,LogMessage(info,Read from stdout: Compiling 13 Scala sources to D:\workspace-scala\scala-rest\target\scala-2.10\classes...))
Sending msg to client activator-3a220bc8-a237-4161-a89a-3c5b0c083ed8: TaskLogEvent(64,LogMessage(info,Compiling 13 Scala sources to D:\workspace-scala\scala-rest\target\scala-2.10\classes...))
Sending msg to client activator-3a220bc8-a237-4161-a89a-3c5b0c083ed8: TaskLogEvent(64,LogMessage(debug,Getting compiler-interface from component compiler for Scala 2.10.4))
Sending msg to client activator-3a220bc8-a237-4161-a89a-3c5b0c083ed8: TaskLogEvent(64,LogMessage(debug,Getting compiler-interface from component compiler for Scala 2.10.4))
Sending msg to client activator-3a220bc8-a237-4161-a89a-3c5b0c083ed8: TaskLogEvent(64,LogMessage(debug,Running cached compiler 1534ca8, interfacing (CompilerInterface) with Scala compiler version 2.10.4))
Sending msg to client activator-3a220bc8-a237-4161-a89a-3c5b0c083ed8: TaskLogEvent(64,LogMessage(debug,Calling Scala compiler with arguments  (CompilerInterface):
	-feature
	-unchecked
	-deprecation
	-encoding
	utf8
	-bootclasspath
	C:\Program Files\Java\jdk1.8.0_05\jre\lib\resources.jar;C:\Program Files\Java\jdk1.8.0_05\jre\lib\rt.jar;C:\Program Files\Java\jdk1.8.0_05\jre\lib\sunrsasign.jar;C:\Program Files\Java\jdk1.8.0_05\jre\lib\jsse.jar;C:\Program Files\Java\jdk1.8.0_05\jre\lib\jce.jar;C:\Program Files\Java\jdk1.8.0_05\jre\lib\charsets.jar;C:\Program Files\Java\jdk1.8.0_05\jre\lib\jfr.jar;C:\Program Files\Java\jdk1.8.0_05\jre\classes;C:\Users\ikhsan\.sbt\boot\scala-2.10.4\lib\scala-library.jar
	-classpath
	D:\workspace-scala\scala-rest\target\scala-2.10\classes;C:\Users\ikhsan\.ivy2\cache\com.typesafe.akka\akka-actor_2.10\jars\akka-actor_2.10-2.3.6.jar;C:\Users\ikhsan\.ivy2\cache\com.typesafe\config\bundles\config-1.2.1.jar;C:\Users\ikhsan\.ivy2\cache\io.spray\spray-can_2.10\bundles\spray-can_2.10-1.3.2.jar;C:\Users\ikhsan\.ivy2\cache\io.spray\spray-io_2.10\bundles\spray-io_2.10-1.3.2.jar;C:\Users\ikhsan\.ivy2\cache\io.spray\spray-util_2.10\bundles\spray-util_2.10-1.3.2.jar;C:\Users\ikhsan\.ivy2\cache\io.spray\spray-http_2.10\bundles\spray-http_2.10-1.3.2.jar;D:\activator-1.3.3\repository\org.parboiled\parboiled-scala_2.10\1.1.6\bundles\parboiled-scala_2.10.jar;C:\Users\ikhsan\.ivy2\cache\org.parboiled\parboiled-core\bundles\parboiled-core-1.1.6.jar;C:\Users\ikhsan\.ivy2\cache\io.spray\spray-routing_2.10\bundles\spray-routing_2.10-1.3.2.jar;C:\Users\ikhsan\.ivy2\cache\io.spray\spray-httpx_2.10\bundles\spray-httpx_2.10-1.3.2.jar;D:\activator-1.3.3\repository\org.jvnet.mimepull\mimepull\1.9.4\jars\mimepull.jar;C:\Users\ikhsan\.ivy2\cache\com.chuusai\shapeless_2.10\jars\shapeless_2.10-1.2.4.jar;C:\Users\ikhsan\.ivy2\cache\org.json4s\json4s-native_2.10\jars\json4s-native_2.10-3.2.4.jar;C:\Users\ikhsan\.ivy2\cache\org.json4s\json4s-core_2.10\jars\json4s-core_2.10-3.2.4.jar;C:\Users\ikhsan\.ivy2\cache\org.json4s\json4s-ast_2.10\jars\json4s-ast_2.10-3.2.4.jar;C:\Users\ikhsan\.ivy2\cache\com.thoughtworks.paranamer\paranamer\jars\paranamer-2.5.2.jar;C:\Users\ikhsan\.ivy2\cache\org.scala-lang\scalap\jars\scalap-2.10.0.jar;C:\Users\ikhsan\.ivy2\cache\org.scala-lang\scala-compiler\jars\scala-compiler-2.10.0.jar;C:\Users\ikhsan\.ivy2\cache\com.typesafe.slick\slick_2.10\bundles\slick_2.10-3.0.0.jar;D:\activator-1.3.3\repository\org.reactivestreams\reactive-streams\1.0.0\jars\reactive-streams.jar;D:\activator-1.3.3\repository\org.slf4j\slf4j-nop\1.6.4\jars\slf4j-nop.jar;C:\Users\ikhsan\.ivy2\cache\postgresql\postgresql\jars\postgresql-9.1-901.jdbc4.jar;C:\Users\ikhsan\.ivy2\cache\com.zaxxer\HikariCP\bundles\HikariCP-2.2.5.jar;D:\activator-1.3.3\repository\org.slf4j\slf4j-api\1.7.5\jars\slf4j-api.jar;C:\Users\ikhsan\.ivy2\cache\org.javassist\javassist\bundles\javassist-3.18.1-GA.jar;C:\Users\ikhsan\.ivy2\cache\com.typesafe.play\play-json_2.10\jars\play-json_2.10-2.4.0-M1.jar;C:\Users\ikhsan\.ivy2\cache\com.typesafe.play\play-iteratees_2.10\jars\play-iteratees_2.10-2.4.0-M1.jar;C:\Users\ikhsan\.ivy2\cache\org.scala-stm\scala-stm_2.10\jars\scala-stm_2.10-0.7.jar;C:\Users\ikhsan\.ivy2\cache\com.typesafe.play\play-functional_2.10\jars\play-functional_2.10-2.4.0-M1.jar;C:\Users\ikhsan\.ivy2\cache\com.typesafe.play\play-datacommons_2.10\jars\play-datacommons_2.10-2.4.0-M1.jar;C:\Users\ikhsan\.ivy2\cache\joda-time\joda-time\jars\joda-time-2.3.jar;C:\Users\ikhsan\.ivy2\cache\org.joda\joda-convert\jars\joda-convert-1.6.jar;C:\Users\ikhsan\.sbt\boot\scala-2.10.4\lib\scala-reflect.jar;C:\Users\ikhsan\.ivy2\cache\com.fasterxml.jackson.core\jackson-core\bundles\jackson-core-2.3.2.jar;C:\Users\ikhsan\.ivy2\cache\com.fasterxml.jackson.core\jackson-annotations\bundles\jackson-annotations-2.3.2.jar;C:\Users\ikhsan\.ivy2\cache\com.fasterxml.jackson.core\jackson-databind\bundles\jackson-databind-2.3.2.jar))
Sending msg to client activator-3a220bc8-a237-4161-a89a-3c5b0c083ed8: TaskEvent(64,LazyValue(CompilationFailure(ProjectReference(file:/D:/workspace-scala/scala-rest/,scala-rest),Position(Some(D:\workspace-scala\scala-rest\src\main\scala\com\ikhsan\scala\dao\DatabaseAccess.scala),Some(D:\workspace-scala\scala-rest\src\main\scala\com\ikhsan\scala\dao\DatabaseAccess.scala),Some(4),import com.mchange.v2.c3p0.ComboPooledDataSource,Some(82),Some(11),Some(           )),Error,object mchange is not a member of package com),sbt.protocol.package$SbtProtocolCompilationFailurePickler1$2$@1af0077))
Sending msg to client activator-3a220bc8-a237-4161-a89a-3c5b0c083ed8: TaskLogEvent(64,LogMessage(error,Read from stdout: D:\workspace-scala\scala-rest\src\main\scala\com\ikhsan\scala\dao\DatabaseAccess.scala:4: object mchange is not a member of package com))
Sending msg to client activator-3a220bc8-a237-4161-a89a-3c5b0c083ed8: TaskLogEvent(64,LogMessage(error,D:\workspace-scala\scala-rest\src\main\scala\com\ikhsan\scala\dao\DatabaseAccess.scala:4: object mchange is not a member of package com))
Sending msg to client activator-3a220bc8-a237-4161-a89a-3c5b0c083ed8: TaskLogEvent(64,LogMessage(error,Read from stdout: import com.mchange.v2.c3p0.ComboPooledDataSource))
Sending msg to client activator-3a220bc8-a237-4161-a89a-3c5b0c083ed8: TaskLogEvent(64,LogMessage(error,import com.mchange.v2.c3p0.ComboPooledDataSource))
Sending msg to client activator-3a220bc8-a237-4161-a89a-3c5b0c083ed8: TaskLogEvent(64,LogMessage(error,Read from stdout: ^))
Sending msg to client activator-3a220bc8-a237-4161-a89a-3c5b0c083ed8: TaskLogEvent(64,LogMessage(error,           ^))
Got request: UnlistenToEvents()
Reading next message from client.
Sending msg to client activator-3a220bc8-a237-4161-a89a-3c5b0c083ed8: (22,ReceivedResponse())
Got request: UnlistenToValue(AttributeKey[scala.collection.Seq[java.lang.String]]("discoveredMainClasses") in Scope(Build: file:/D:/workspace-scala/scala-rest/, , Project: ProjectReference(file:/D:/workspace-scala/scala-rest/,scala-rest), Config: compile))
Reading next message from client.
Sending msg to client activator-3a220bc8-a237-4161-a89a-3c5b0c083ed8: (23,ReceivedResponse())
Got request: UnlistenToValue(AttributeKey[scala.Option[java.lang.String]]("mainClass") in Scope(Build: file:/D:/workspace-scala/scala-rest/, , Project: ProjectReference(file:/D:/workspace-scala/scala-rest/,scala-rest), Config: compile))
Reading next message from client.
Got request: UnlistenToBuildChange()
Reading next message from client.
Client activator-3a220bc8-a237-4161-a89a-3c5b0c083ed8 EOF, shutting down.
Stopping client.
Client activator-3a220bc8-a237-4161-a89a-3c5b0c083ed8 thread exiting.
Dropping message (24,ReceivedResponse()) to dead client activator-3a220bc8-a237-4161-a89a-3c5b0c083ed8
Dropping message (25,ReceivedResponse()) to dead client activator-3a220bc8-a237-4161-a89a-3c5b0c083ed8
Dropping message (0,ReceivedResponse()) to dead client activator-3a220bc8-a237-4161-a89a-3c5b0c083ed8
Dropping message ValueChanged(AttributeKey[scala.collection.Seq[java.lang.String]]("discoveredMainClasses") in Scope(Build: file:/D:/workspace-scala/scala-rest/, , Project: ProjectReference(file:/D:/workspace-scala/scala-rest/,scala-rest), Config: compile),TaskFailure(BuildValue(LazyValue(java.lang.Exception: Task failed node Some(Task((taskDefinitionKey: ScopedKey(Scope(Select(ProjectRef(file:/D:/workspace-scala/scala-rest/,scala-rest)),Select(ConfigKey(compile)),Global,Global),compile)))) causes List(Incomplete(node=Some(Task((tags: Map(Tag(compile) -> 1, Tag(cpu) -> 1), taskDefinitionKey: ScopedKey(Scope(Select(ProjectRef(file:/D:/workspace-scala/scala-rest/,scala-rest)),Select(ConfigKey(compile)),Global,Global),compileIncremental)))), tpe=Error, msg=None, causes=List(), directCause=Some(Compilation failed))),scala.pickling.PicklerUnpickler$DelegatingPicklerUnpickler@1052642),java.lang.Exception: Task failed node Some(Task((taskDefinitionKey: ScopedKey(Scope(Select(ProjectRef(file:/D:/workspace-scala/scala-rest/,scala-rest)),Select(ConfigKey(compile)),Global,Global),compile)))) causes List(Incomplete(node=Some(Task((tags: Map(Tag(compile) -> 1, Tag(cpu) -> 1), taskDefinitionKey: ScopedKey(Scope(Select(ProjectRef(file:/D:/workspace-scala/scala-rest/,scala-rest)),Select(ConfigKey(compile)),Global,Global),compileIncremental)))), tpe=Error, msg=None, causes=List(), directCause=Some(Compilation failed)))))) to dead client activator-3a220bc8-a237-4161-a89a-3c5b0c083ed8
