New log file opened at Mon Jun 15 22:07:41 ICT 2015 by 216@crot
Sending msg to client activator-debbd6ab-65bf-40a8-8fe3-f91acf983f21: DetachedLogEvent(LogMessage(debug,sbt server socket logs are in: D:\workspace-scala\scala-rest\.sbtserver\connections\master.log))
Sending msg to client activator-debbd6ab-65bf-40a8-8fe3-f91acf983f21: DetachedLogEvent(LogMessage(debug,sbt client logs are in: D:\workspace-scala\scala-rest\.sbtserver\connections\activator-debbd6ab-65bf-40a8-8fe3-f91acf983f21.log))
Sending msg to client activator-debbd6ab-65bf-40a8-8fe3-f91acf983f21: DetachedLogEvent(LogMessage(debug,sbt general server logs are in: D:\workspace-scala\scala-rest\.sbtserver\master.log))
Dropping message DetachedLogEvent(LogMessage(debug,sbt client logs are in: D:\workspace-scala\scala-rest\.sbtserver\connections\activator-debbd6ab-65bf-40a8-8fe3-f91acf983f21.log)) because client activator-debbd6ab-65bf-40a8-8fe3-f91acf983f21 of an exception serializing and sending: java.net.SocketException: Software caused connection abort: socket write error
Dropping message DetachedLogEvent(LogMessage(debug,sbt general server logs are in: D:\workspace-scala\scala-rest\.sbtserver\master.log)) because client activator-debbd6ab-65bf-40a8-8fe3-f91acf983f21 of an exception serializing and sending: java.net.SocketException: Software caused connection abort: socket write error
stack trace sending message was 
java.net.SocketException: Software caused connection abort: socket write error
	at java.net.SocketOutputStream.socketWrite0(Native Method)
	at java.net.SocketOutputStream.socketWrite(SocketOutputStream.java:109)
	at java.net.SocketOutputStream.write(SocketOutputStream.java:153)
	at java.io.BufferedOutputStream.flushBuffer(BufferedOutputStream.java:82)
	at java.io.BufferedOutputStream.flush(BufferedOutputStream.java:140)
	at java.io.DataOutputStream.flush(DataOutputStream.java:123)
	at sbt.impl.ipc.Peer.send(IPC.scala:79)
	at sbt.impl.ipc.Peer.send(IPC.scala:83)
	at sbt.impl.ipc.Peer.sendString(IPC.scala:106)
	at sbt.impl.ipc.Peer.sendJson(IPC.scala:119)
	at sbt.server.SbtClientHandler$$anonfun$send$1.apply$mcV$sp(SbtClientHandler.scala:128)
	at sbt.server.SbtClientHandler.wrappedSend(SbtClientHandler.scala:113)
	at sbt.server.SbtClientHandler.send(SbtClientHandler.scala:128)
	at sbt.server.SbtClientHandler$clientThread$.run(SbtClientHandler.scala:42)
stack trace sending message was 
java.net.SocketException: Software caused connection abort: socket write error
	at java.net.SocketOutputStream.socketWrite0(Native Method)
	at java.net.SocketOutputStream.socketWrite(SocketOutputStream.java:109)
	at java.net.SocketOutputStream.write(SocketOutputStream.java:153)
	at java.io.BufferedOutputStream.flushBuffer(BufferedOutputStream.java:82)
	at java.io.BufferedOutputStream.flush(BufferedOutputStream.java:140)
	at java.io.DataOutputStream.flush(DataOutputStream.java:123)
	at sbt.impl.ipc.Peer.send(IPC.scala:79)
	at sbt.impl.ipc.Peer.send(IPC.scala:83)
	at sbt.impl.ipc.Peer.sendString(IPC.scala:106)
	at sbt.impl.ipc.Peer.sendJson(IPC.scala:119)
	at sbt.server.SbtClientHandler$$anonfun$send$1.apply$mcV$sp(SbtClientHandler.scala:128)
	at sbt.server.SbtClientHandler.wrappedSend(SbtClientHandler.scala:113)
	at sbt.server.SbtClientHandler.send(SbtClientHandler.scala:128)
	at sbt.server.SbtServerSocketHandler$$anon$1.run(SbtServerSocketHandler.scala:94)
Reading next message from client.
Client activator-debbd6ab-65bf-40a8-8fe3-f91acf983f21 closed, java.net.SocketException: socket is closed, shutting down
Dropping message (0,ReceivedResponse()) to dead client activator-debbd6ab-65bf-40a8-8fe3-f91acf983f21
Client activator-debbd6ab-65bf-40a8-8fe3-f91acf983f21 thread exiting.
