New log file opened at Sat Jun 13 21:18:00 ICT 2015 by 4208@crot
jvm 4208@crot
jvm vmName=Java HotSpot(TM) Client VM vmVendor=Oracle Corporation vmVersion=25.5-b02
jvm specName=Java Virtual Machine Specification specVendor=Oracle Corporation specVersion=1.8
jvm arguments: [-Xms256m, -Xmx1024m, -XX:MetaspaceSize=64m, -XX:MaxMetaspaceSize=256m]
Starting event engine
Starting sbt command engine
Waiting for sbt command engine
Command engine arguments=List()
Command engine baseDirectory=D:\workspace-scala\scala-rest
Command engine initial remaining commands List(--initialize, onFailure load-failed, boot, server-send-ready-for-request, server-handle-next-server-request)
> --initialize
> initialize
> onFailure load-failed
> boot
> reload
[Loading] Scanning directory D:\workspace-scala\scala-rest\project
[Loading] Found non-root projects 
[Loading] Done in D:\workspace-scala\scala-rest\project, returning: ()
deducing auto plugins based on known facts Set(Atom(sbt.plugins.CorePlugin)) and clauses Clauses(List(Clause(Atom(sbt.plugins.JvmPlugin),Set(Atom(sbt.plugins.IvyPlugin))), Clause(Atom(sbt.plugins.JUnitXmlReportPlugin),Set(Atom(sbt.plugins.JvmPlugin))), Clause(Atom(sbt.plugins.CorePlugin),Set(Atom(sbt.plugins.IvyPlugin))), Clause(Atom(sbt.plugins.IvyPlugin),Set(Atom(sbt.plugins.JvmPlugin))), Clause(Atom(sbt.plugins.JvmPlugin),Set(Atom(sbt.plugins.JUnitXmlReportPlugin)))))
  :: deduced result: Matched(sbt.plugins.CorePlugin,sbt.plugins.IvyPlugin,sbt.plugins.JvmPlugin,sbt.plugins.JUnitXmlReportPlugin)
sorting: ns: List(sbt.plugins.CorePlugin, sbt.plugins.IvyPlugin, sbt.plugins.JvmPlugin, sbt.plugins.JUnitXmlReportPlugin)
  :: sorting:: found: List(sbt.plugins.CorePlugin) not found List(sbt.plugins.IvyPlugin, sbt.plugins.JvmPlugin, sbt.plugins.JUnitXmlReportPlugin)
  :: sorting:: found: List(sbt.plugins.CorePlugin, sbt.plugins.IvyPlugin) not found List(sbt.plugins.JvmPlugin, sbt.plugins.JUnitXmlReportPlugin)
  :: sorting:: found: List(sbt.plugins.CorePlugin, sbt.plugins.IvyPlugin, sbt.plugins.JvmPlugin) not found List(sbt.plugins.JUnitXmlReportPlugin)
  :: sorting:: found: List(sbt.plugins.CorePlugin, sbt.plugins.IvyPlugin, sbt.plugins.JvmPlugin, sbt.plugins.JUnitXmlReportPlugin) not found List()
  :: sorted deduced result: List(sbt.plugins.CorePlugin, sbt.plugins.IvyPlugin, sbt.plugins.JvmPlugin, sbt.plugins.JUnitXmlReportPlugin)
[Loading] Done in D:\workspace-scala\scala-rest\project, returning: (scala-rest-build)
Loading project definition from D:\workspace-scala\scala-rest\project
Running task... Cancel: sbt.TaskCancellationStrategy$Null$@1d3313c, check cycles: false

Initial source changes: 
	removed:Set()
	added: Set()
	modified: Set()
Removed products: Set()
External API changes: API Changes: Set()
Modified binary dependencies: Set()
Initial directly invalidated sources: Set()

Sources indirectly invalidated by:
	product: Set()
	binary dep: Set()
	external source: Set()
All initially invalidated sources: Set()

Copy resource mappings: 
	
[Loading] Scanning directory D:\workspace-scala\scala-rest
[Loading] Found non-root projects 
[Loading] Done in D:\workspace-scala\scala-rest, returning: ()
deducing auto plugins based on known facts Set(Atom(sbt.plugins.CorePlugin)) and clauses Clauses(List(Clause(Atom(sbt.plugins.JvmPlugin),Set(Atom(sbt.plugins.IvyPlugin))), Clause(Atom(sbt.plugins.JUnitXmlReportPlugin),Set(Atom(sbt.plugins.JvmPlugin))), Clause(Atom(play.sbt.forkrun.PlayForkRun),Set(Atom(sbt.plugins.BackgroundRunPlugin))), Clause(Atom(play.sbt.forkrun.PlayForkRun),Set(Atom(play.Play))), Clause(Atom(play.sbt.forkrun.PlayForkRun),Set(Atom(sbt.plugins.SerializersPlugin))), Clause(Atom(play.Play),Set(Atom(com.typesafe.sbt.webdriver.SbtWebDriver))), Clause(Atom(play.Play),Set(Atom(play.twirl.sbt.SbtTwirl))), Clause(Atom(play.Play),Set(Atom(com.typesafe.sbt.jse.SbtJsTask))), Clause(Atom(play.PlayJava),Set(Atom(play.Play))), Clause(Atom(play.PlayScala),Set(Atom(play.Play))), Clause(Atom(play.twirl.sbt.SbtTwirl),Set(Atom(sbt.plugins.JvmPlugin))), Clause(Atom(com.typesafe.sbt.jse.SbtJsEngine),Set(Atom(com.typesafe.sbt.web.SbtWeb))), Clause(Atom(com.typesafe.sbt.jse.SbtJsTask),Set(Atom(com.typesafe.sbt.jse.SbtJsEngine))), Clause(Atom(com.typesafe.sbt.webdriver.SbtWebDriver),Set(Atom(com.typesafe.sbt.web.SbtWeb))), Clause(Atom(sbt.plugins.BackgroundRunPlugin),Set(Atom(sbt.plugins.JvmPlugin))), Clause(Atom(sbt.plugins.CorePlugin),Set(Atom(sbt.plugins.IvyPlugin))), Clause(Atom(sbt.plugins.IvyPlugin),Set(Atom(sbt.plugins.JvmPlugin))), Clause(Atom(sbt.plugins.JvmPlugin),Set(Atom(sbt.plugins.JUnitXmlReportPlugin))), Clause(And(Set(Atom(sbt.plugins.BackgroundRunPlugin), Atom(play.Play), Atom(sbt.plugins.SerializersPlugin))),Set(Atom(play.sbt.forkrun.PlayForkRun))), Clause(Atom(com.typesafe.sbt.web.SbtWeb),Set(Atom(com.typesafe.sbt.jse.SbtJsEngine))), Clause(Atom(com.typesafe.sbt.jse.SbtJsEngine),Set(Atom(com.typesafe.sbt.jse.SbtJsTask))), Clause(Atom(com.typesafe.sbt.web.SbtWeb),Set(Atom(com.typesafe.sbt.webdriver.SbtWebDriver))), Clause(Atom(sbt.plugins.JvmPlugin),Set(Atom(sbt.plugins.BackgroundRunPlugin))), Clause(Atom(sbt.plugins.CorePlugin),Set(Atom(sbt.plugins.InteractionServicePlugin))), Clause(Atom(sbt.plugins.CorePlugin),Set(Atom(sbt.plugins.SendEventServicePlugin))), Clause(Atom(sbt.plugins.CorePlugin),Set(Atom(sbt.plugins.SerializersPlugin)))))
  :: deduced result: Matched(sbt.plugins.CorePlugin,sbt.plugins.SerializersPlugin,sbt.plugins.SendEventServicePlugin,sbt.plugins.InteractionServicePlugin,sbt.plugins.IvyPlugin,sbt.plugins.JvmPlugin,sbt.plugins.BackgroundRunPlugin,sbt.plugins.JUnitXmlReportPlugin)
sorting: ns: List(sbt.plugins.CorePlugin, sbt.plugins.SerializersPlugin, sbt.plugins.SendEventServicePlugin, sbt.plugins.InteractionServicePlugin, sbt.plugins.IvyPlugin, sbt.plugins.JvmPlugin, sbt.plugins.BackgroundRunPlugin, sbt.plugins.JUnitXmlReportPlugin)
  :: sorting:: found: List(sbt.plugins.CorePlugin) not found List(sbt.plugins.SerializersPlugin, sbt.plugins.SendEventServicePlugin, sbt.plugins.InteractionServicePlugin, sbt.plugins.IvyPlugin, sbt.plugins.JvmPlugin, sbt.plugins.BackgroundRunPlugin, sbt.plugins.JUnitXmlReportPlugin)
  :: sorting:: found: List(sbt.plugins.CorePlugin, sbt.plugins.SerializersPlugin, sbt.plugins.SendEventServicePlugin, sbt.plugins.InteractionServicePlugin, sbt.plugins.IvyPlugin) not found List(sbt.plugins.JvmPlugin, sbt.plugins.BackgroundRunPlugin, sbt.plugins.JUnitXmlReportPlugin)
  :: sorting:: found: List(sbt.plugins.CorePlugin, sbt.plugins.SerializersPlugin, sbt.plugins.SendEventServicePlugin, sbt.plugins.InteractionServicePlugin, sbt.plugins.IvyPlugin, sbt.plugins.JvmPlugin) not found List(sbt.plugins.BackgroundRunPlugin, sbt.plugins.JUnitXmlReportPlugin)
  :: sorting:: found: List(sbt.plugins.CorePlugin, sbt.plugins.SerializersPlugin, sbt.plugins.SendEventServicePlugin, sbt.plugins.InteractionServicePlugin, sbt.plugins.IvyPlugin, sbt.plugins.JvmPlugin, sbt.plugins.BackgroundRunPlugin, sbt.plugins.JUnitXmlReportPlugin) not found List()
  :: sorted deduced result: List(sbt.plugins.CorePlugin, sbt.plugins.SerializersPlugin, sbt.plugins.SendEventServicePlugin, sbt.plugins.InteractionServicePlugin, sbt.plugins.IvyPlugin, sbt.plugins.JvmPlugin, sbt.plugins.BackgroundRunPlugin, sbt.plugins.JUnitXmlReportPlugin)
[Loading] Done in D:\workspace-scala\scala-rest, returning: (scala-rest)
Set current project to spray-apr (in build file:/D:/workspace-scala/scala-rest/)
Reapplying settings...
Set current project to spray-apr (in build file:/D:/workspace-scala/scala-rest/)
> iflast shell
> server-send-ready-for-request
> server-handle-next-server-request
> {file:/D:/workspace-scala/scala-rest/}scala-rest/compile:discoveredMainClasses
Evaluating tasks: compile:discoveredMainClasses
Running task... Cancel: sbt.server.ServerTaskCancellation@6cdaf5, check cycles: false

Initial source changes: 
	removed:Set(D:\workspace-scala\spray-actor-per-request\src\main\scala\com\netaporter\routing\PerRequest.scala, D:\workspace-scala\spray-actor-per-request\src\main\scala\com\netaporter\clients\DummyClients.scala, D:\workspace-scala\spray-actor-per-request\src\main\scala\com\netaporter\routing\RestRouting.scala, D:\workspace-scala\spray-actor-per-request\src\main\scala\com\netaporter\Boot.scala, D:\workspace-scala\spray-actor-per-request\src\main\scala\com\netaporter\Domain.scala, D:\workspace-scala\spray-actor-per-request\src\main\scala\com\netaporter\core\DummyAppCore.scala)
	added: Set(D:\workspace-scala\scala-rest\src\main\scala\com\ikhsan\scala\dao\DeviceIdentifierDao.scala, D:\workspace-scala\scala-rest\src\main\scala\com\ikhsan\scala\rest\core\DummyAppCore.scala, D:\workspace-scala\scala-rest\src\main\scala\com\ikhsan\scala\rest\clients\Authentication.scala, D:\workspace-scala\scala-rest\src\main\scala\com\ikhsan\scala\rest\clients\DummyClients.scala, D:\workspace-scala\scala-rest\src\main\scala\com\ikhsan\scala\rest\Domain.scala, D:\workspace-scala\scala-rest\src\main\scala\com\ikhsan\scala\dao\repo\util\Time.scala, D:\workspace-scala\scala-rest\src\main\scala\com\ikhsan\scala\dao\DeviceModelDao.scala, D:\workspace-scala\scala-rest\src\main\scala\com\ikhsan\scala\dao\Main.scala, D:\workspace-scala\scala-rest\src\main\scala\com\ikhsan\scala\rest\Boot.scala, D:\workspace-scala\scala-rest\src\main\scala\com\ikhsan\scala\dao\DatabaseAccess.scala, D:\workspace-scala\scala-rest\src\main\scala\com\ikhsan\scala\rest\routing\RestRouting.scala, D:\workspace-scala\scala-rest\src\main\scala\com\ikhsan\scala\rest\routing\PerRequest.scala, D:\workspace-scala\scala-rest\src\main\scala\com\ikhsan\scala\rest\core\ProvisionCore.scala)
	modified: Set()
Removed products: Set(D:\workspace-scala\spray-actor-per-request\target\scala-2.10\classes\com\netaporter\core\GetPetsWithOwnersActor$$anonfun$1.class, D:\workspace-scala\spray-actor-per-request\target\scala-2.10\classes\com\netaporter\routing\PerRequest.class, D:\workspace-scala\spray-actor-per-request\target\scala-2.10\classes\com\netaporter\routing\PerRequest$WithActorRef$.class, D:\workspace-scala\spray-actor-per-request\target\scala-2.10\classes\com\netaporter\Validation$.class, D:\workspace-scala\spray-actor-per-request\target\scala-2.10\classes\com\netaporter\Boot.class, D:\workspace-scala\spray-actor-per-request\target\scala-2.10\classes\com\netaporter\GetPetsWithOwners.class, D:\workspace-scala\spray-actor-per-request\target\scala-2.10\classes\com\netaporter\clients\PetClient$GetPets$.class, D:\workspace-scala\spray-actor-per-request\target\scala-2.10\classes\com\netaporter\routing\PerRequestCreator.class, D:\workspace-scala\spray-actor-per-request\target\scala-2.10\classes\com\netaporter\routing\PerRequest$WithActorRef.class, D:\workspace-scala\spray-actor-per-request\target\scala-2.10\classes\com\netaporter\clients\OwnerClient$OwnersForPets$.class, D:\workspace-scala\spray-actor-per-request\target\scala-2.10\classes\com\netaporter\clients\OwnerClient$OwnersForPets.class, D:\workspace-scala\spray-actor-per-request\target\scala-2.10\classes\com\netaporter\Boot$.class, D:\workspace-scala\spray-actor-per-request\target\scala-2.10\classes\com\netaporter\Boot$delayedInit$body.class, D:\workspace-scala\spray-actor-per-request\target\scala-2.10\classes\com\netaporter\clients\PetClient$Pets.class, D:\workspace-scala\spray-actor-per-request\target\scala-2.10\classes\com\netaporter\clients\OwnerClient$$anonfun$receive$2.class, D:\workspace-scala\spray-actor-per-request\target\scala-2.10\classes\com\netaporter\PetsWithOwners.class, D:\workspace-scala\spray-actor-per-request\target\scala-2.10\classes\com\netaporter\clients\PetClient$Pets$.class, D:\workspace-scala\spray-actor-per-request\target\scala-2.10\classes\com\netaporter\clients\PetClient$.class, D:\workspace-scala\spray-actor-per-request\target\scala-2.10\classes\com\netaporter\routing\PerRequest$$anonfun$receive$1.class, D:\workspace-scala\spray-actor-per-request\target\scala-2.10\classes\com\netaporter\routing\RestRouting$$anonfun$1.class, D:\workspace-scala\spray-actor-per-request\target\scala-2.10\classes\com\netaporter\routing\PerRequest$.class, D:\workspace-scala\spray-actor-per-request\target\scala-2.10\classes\com\netaporter\EnrichedPet.class, D:\workspace-scala\spray-actor-per-request\target\scala-2.10\classes\com\netaporter\clients\PetClient$$anonfun$receive$1.class, D:\workspace-scala\spray-actor-per-request\target\scala-2.10\classes\com\netaporter\clients\PetClient$$anonfun$receive$1$$anonfun$applyOrElse$1.class, D:\workspace-scala\spray-actor-per-request\target\scala-2.10\classes\com\netaporter\Owner.class, D:\workspace-scala\spray-actor-per-request\target\scala-2.10\classes\com\netaporter\routing\PerRequestCreator$$anonfun$perRequest$2.class, D:\workspace-scala\spray-actor-per-request\target\scala-2.10\classes\com\netaporter\core\GetPetsWithOwnersActor$$anonfun$receive$1.class, D:\workspace-scala\spray-actor-per-request\target\scala-2.10\classes\com\netaporter\PetsWithOwners$.class, D:\workspace-scala\spray-actor-per-request\target\scala-2.10\classes\com\netaporter\Owner$.class, D:\workspace-scala\spray-actor-per-request\target\scala-2.10\classes\com\netaporter\routing\PerRequest$WithProps$.class, D:\workspace-scala\spray-actor-per-request\target\scala-2.10\classes\com\netaporter\routing\PerRequest$$anonfun$1.class, D:\workspace-scala\spray-actor-per-request\target\scala-2.10\classes\com\netaporter\Error$.class, D:\workspace-scala\spray-actor-per-request\target\scala-2.10\classes\com\netaporter\PetOverflowException.class, D:\workspace-scala\spray-actor-per-request\target\scala-2.10\classes\com\netaporter\clients\OwnerClient.class, D:\workspace-scala\spray-actor-per-request\target\scala-2.10\classes\com\netaporter\Pet.class, D:\workspace-scala\spray-actor-per-request\target\scala-2.10\classes\com\netaporter\routing\RestRouting$$anonfun$petsWithOwner$1.class, D:\workspace-scala\spray-actor-per-request\target\scala-2.10\classes\com\netaporter\clients\OwnerClient$.class, D:\workspace-scala\spray-actor-per-request\target\scala-2.10\classes\com\netaporter\RestMessage.class, D:\workspace-scala\spray-actor-per-request\target\scala-2.10\classes\com\netaporter\routing\PerRequestCreator$class.class, D:\workspace-scala\spray-actor-per-request\target\scala-2.10\classes\com\netaporter\core\GetPetsWithOwnersActor.class, D:\workspace-scala\spray-actor-per-request\target\scala-2.10\classes\com\netaporter\clients\OwnerClient$GetOwnersForPets.class, D:\workspace-scala\spray-actor-per-request\target\scala-2.10\classes\com\netaporter\GetPetsWithOwners$.class, D:\workspace-scala\spray-actor-per-request\target\scala-2.10\classes\com\netaporter\Pet$.class, D:\workspace-scala\spray-actor-per-request\target\scala-2.10\classes\com\netaporter\clients\PetClient.class, D:\workspace-scala\spray-actor-per-request\target\scala-2.10\classes\com\netaporter\routing\PerRequestCreator$$anonfun$perRequest$1.class, D:\workspace-scala\spray-actor-per-request\target\scala-2.10\classes\com\netaporter\core\GetPetsWithOwnersActor$$anonfun$2.class, D:\workspace-scala\spray-actor-per-request\target\scala-2.10\classes\com\netaporter\routing\PerRequest$WithProps.class, D:\workspace-scala\spray-actor-per-request\target\scala-2.10\classes\com\netaporter\Boot$$anonfun$2.class, D:\workspace-scala\spray-actor-per-request\target\scala-2.10\classes\com\netaporter\routing\RestRouting$$anonfun$petsWithOwner$1$$anonfun$apply$1.class, D:\workspace-scala\spray-actor-per-request\target\scala-2.10\classes\com\netaporter\clients\PetClient$GetPets.class, D:\workspace-scala\spray-actor-per-request\target\scala-2.10\classes\com\netaporter\Validation.class, D:\workspace-scala\spray-actor-per-request\target\scala-2.10\classes\com\netaporter\routing\RestRouting.class, D:\workspace-scala\spray-actor-per-request\target\scala-2.10\classes\com\netaporter\clients\OwnerClient$GetOwnersForPets$.class, D:\workspace-scala\spray-actor-per-request\target\scala-2.10\classes\com\netaporter\Error.class, D:\workspace-scala\spray-actor-per-request\target\scala-2.10\classes\com\netaporter\EnrichedPet$.class, D:\workspace-scala\spray-actor-per-request\target\scala-2.10\classes\com\netaporter\core\GetPetsWithOwnersActor$$anonfun$waitingResponses$1.class, D:\workspace-scala\spray-actor-per-request\target\scala-2.10\classes\com\netaporter\routing\PerRequest$class.class, D:\workspace-scala\spray-actor-per-request\target\scala-2.10\classes\com\netaporter\Boot$$anonfun$1.class, D:\workspace-scala\spray-actor-per-request\target\scala-2.10\classes\com\netaporter\PetOverflowException$.class, D:\workspace-scala\spray-actor-per-request\target\scala-2.10\classes\com\netaporter\clients\OwnerClient$$anonfun$receive$2$$anonfun$1.class)
External API changes: API Changes: Set()
Modified binary dependencies: Set()
Initial directly invalidated sources: Set(D:\workspace-scala\scala-rest\src\main\scala\com\ikhsan\scala\dao\DeviceIdentifierDao.scala, D:\workspace-scala\spray-actor-per-request\src\main\scala\com\netaporter\routing\PerRequest.scala, D:\workspace-scala\scala-rest\src\main\scala\com\ikhsan\scala\rest\core\DummyAppCore.scala, D:\workspace-scala\scala-rest\src\main\scala\com\ikhsan\scala\rest\clients\Authentication.scala, D:\workspace-scala\scala-rest\src\main\scala\com\ikhsan\scala\rest\clients\DummyClients.scala, D:\workspace-scala\scala-rest\src\main\scala\com\ikhsan\scala\rest\Domain.scala, D:\workspace-scala\scala-rest\src\main\scala\com\ikhsan\scala\dao\repo\util\Time.scala, D:\workspace-scala\scala-rest\src\main\scala\com\ikhsan\scala\dao\DeviceModelDao.scala, D:\workspace-scala\scala-rest\src\main\scala\com\ikhsan\scala\dao\Main.scala, D:\workspace-scala\spray-actor-per-request\src\main\scala\com\netaporter\clients\DummyClients.scala, D:\workspace-scala\spray-actor-per-request\src\main\scala\com\netaporter\routing\RestRouting.scala, D:\workspace-scala\spray-actor-per-request\src\main\scala\com\netaporter\Boot.scala, D:\workspace-scala\scala-rest\src\main\scala\com\ikhsan\scala\rest\Boot.scala, D:\workspace-scala\spray-actor-per-request\src\main\scala\com\netaporter\Domain.scala, D:\workspace-scala\scala-rest\src\main\scala\com\ikhsan\scala\dao\DatabaseAccess.scala, D:\workspace-scala\spray-actor-per-request\src\main\scala\com\netaporter\core\DummyAppCore.scala, D:\workspace-scala\scala-rest\src\main\scala\com\ikhsan\scala\rest\routing\RestRouting.scala, D:\workspace-scala\scala-rest\src\main\scala\com\ikhsan\scala\rest\routing\PerRequest.scala, D:\workspace-scala\scala-rest\src\main\scala\com\ikhsan\scala\rest\core\ProvisionCore.scala)

Sources indirectly invalidated by:
	product: Set(D:\workspace-scala\spray-actor-per-request\src\main\scala\com\netaporter\routing\PerRequest.scala, D:\workspace-scala\spray-actor-per-request\src\main\scala\com\netaporter\clients\DummyClients.scala, D:\workspace-scala\spray-actor-per-request\src\main\scala\com\netaporter\routing\RestRouting.scala, D:\workspace-scala\spray-actor-per-request\src\main\scala\com\netaporter\Boot.scala, D:\workspace-scala\spray-actor-per-request\src\main\scala\com\netaporter\Domain.scala, D:\workspace-scala\spray-actor-per-request\src\main\scala\com\netaporter\core\DummyAppCore.scala)
	binary dep: Set()
	external source: Set()
All initially invalidated sources: Set(D:\workspace-scala\scala-rest\src\main\scala\com\ikhsan\scala\dao\DeviceIdentifierDao.scala, D:\workspace-scala\spray-actor-per-request\src\main\scala\com\netaporter\routing\PerRequest.scala, D:\workspace-scala\scala-rest\src\main\scala\com\ikhsan\scala\rest\core\DummyAppCore.scala, D:\workspace-scala\scala-rest\src\main\scala\com\ikhsan\scala\rest\clients\Authentication.scala, D:\workspace-scala\scala-rest\src\main\scala\com\ikhsan\scala\rest\clients\DummyClients.scala, D:\workspace-scala\scala-rest\src\main\scala\com\ikhsan\scala\rest\Domain.scala, D:\workspace-scala\scala-rest\src\main\scala\com\ikhsan\scala\dao\repo\util\Time.scala, D:\workspace-scala\scala-rest\src\main\scala\com\ikhsan\scala\dao\DeviceModelDao.scala, D:\workspace-scala\scala-rest\src\main\scala\com\ikhsan\scala\dao\Main.scala, D:\workspace-scala\spray-actor-per-request\src\main\scala\com\netaporter\clients\DummyClients.scala, D:\workspace-scala\spray-actor-per-request\src\main\scala\com\netaporter\routing\RestRouting.scala, D:\workspace-scala\spray-actor-per-request\src\main\scala\com\netaporter\Boot.scala, D:\workspace-scala\scala-rest\src\main\scala\com\ikhsan\scala\rest\Boot.scala, D:\workspace-scala\spray-actor-per-request\src\main\scala\com\netaporter\Domain.scala, D:\workspace-scala\scala-rest\src\main\scala\com\ikhsan\scala\dao\DatabaseAccess.scala, D:\workspace-scala\spray-actor-per-request\src\main\scala\com\netaporter\core\DummyAppCore.scala, D:\workspace-scala\scala-rest\src\main\scala\com\ikhsan\scala\rest\routing\RestRouting.scala, D:\workspace-scala\scala-rest\src\main\scala\com\ikhsan\scala\rest\routing\PerRequest.scala, D:\workspace-scala\scala-rest\src\main\scala\com\ikhsan\scala\rest\core\ProvisionCore.scala)

Recompiling all 13 sources: invalidated sources (19) exceeded 50.0% of all sources
Read from stdout: Compiling 13 Scala sources to D:\workspace-scala\scala-rest\target\scala-2.10\classes...
Compiling 13 Scala sources to D:\workspace-scala\scala-rest\target\scala-2.10\classes...
Getting compiler-interface from component compiler for Scala 2.10.4
Getting compiler-interface from component compiler for Scala 2.10.4
Running cached compiler 1534ca8, interfacing (CompilerInterface) with Scala compiler version 2.10.4
Calling Scala compiler with arguments  (CompilerInterface):
	-feature
	-unchecked
	-deprecation
	-encoding
	utf8
	-bootclasspath
	C:\Program Files\Java\jdk1.8.0_05\jre\lib\resources.jar;C:\Program Files\Java\jdk1.8.0_05\jre\lib\rt.jar;C:\Program Files\Java\jdk1.8.0_05\jre\lib\sunrsasign.jar;C:\Program Files\Java\jdk1.8.0_05\jre\lib\jsse.jar;C:\Program Files\Java\jdk1.8.0_05\jre\lib\jce.jar;C:\Program Files\Java\jdk1.8.0_05\jre\lib\charsets.jar;C:\Program Files\Java\jdk1.8.0_05\jre\lib\jfr.jar;C:\Program Files\Java\jdk1.8.0_05\jre\classes;C:\Users\ikhsan\.sbt\boot\scala-2.10.4\lib\scala-library.jar
	-classpath
	D:\workspace-scala\scala-rest\target\scala-2.10\classes;C:\Users\ikhsan\.ivy2\cache\com.typesafe.akka\akka-actor_2.10\jars\akka-actor_2.10-2.3.6.jar;C:\Users\ikhsan\.ivy2\cache\com.typesafe\config\bundles\config-1.2.1.jar;C:\Users\ikhsan\.ivy2\cache\io.spray\spray-can_2.10\bundles\spray-can_2.10-1.3.2.jar;C:\Users\ikhsan\.ivy2\cache\io.spray\spray-io_2.10\bundles\spray-io_2.10-1.3.2.jar;C:\Users\ikhsan\.ivy2\cache\io.spray\spray-util_2.10\bundles\spray-util_2.10-1.3.2.jar;C:\Users\ikhsan\.ivy2\cache\io.spray\spray-http_2.10\bundles\spray-http_2.10-1.3.2.jar;D:\activator-1.3.3\repository\org.parboiled\parboiled-scala_2.10\1.1.6\bundles\parboiled-scala_2.10.jar;C:\Users\ikhsan\.ivy2\cache\org.parboiled\parboiled-core\bundles\parboiled-core-1.1.6.jar;C:\Users\ikhsan\.ivy2\cache\io.spray\spray-routing_2.10\bundles\spray-routing_2.10-1.3.2.jar;C:\Users\ikhsan\.ivy2\cache\io.spray\spray-httpx_2.10\bundles\spray-httpx_2.10-1.3.2.jar;D:\activator-1.3.3\repository\org.jvnet.mimepull\mimepull\1.9.4\jars\mimepull.jar;C:\Users\ikhsan\.ivy2\cache\com.chuusai\shapeless_2.10\jars\shapeless_2.10-1.2.4.jar;C:\Users\ikhsan\.ivy2\cache\org.json4s\json4s-native_2.10\jars\json4s-native_2.10-3.2.4.jar;C:\Users\ikhsan\.ivy2\cache\org.json4s\json4s-core_2.10\jars\json4s-core_2.10-3.2.4.jar;C:\Users\ikhsan\.ivy2\cache\org.json4s\json4s-ast_2.10\jars\json4s-ast_2.10-3.2.4.jar;C:\Users\ikhsan\.ivy2\cache\com.thoughtworks.paranamer\paranamer\jars\paranamer-2.5.2.jar;C:\Users\ikhsan\.ivy2\cache\org.scala-lang\scalap\jars\scalap-2.10.0.jar;C:\Users\ikhsan\.ivy2\cache\org.scala-lang\scala-compiler\jars\scala-compiler-2.10.0.jar;C:\Users\ikhsan\.ivy2\cache\com.typesafe.slick\slick_2.10\bundles\slick_2.10-3.0.0.jar;D:\activator-1.3.3\repository\org.reactivestreams\reactive-streams\1.0.0\jars\reactive-streams.jar;D:\activator-1.3.3\repository\org.slf4j\slf4j-nop\1.6.4\jars\slf4j-nop.jar;C:\Users\ikhsan\.ivy2\cache\postgresql\postgresql\jars\postgresql-9.1-901.jdbc4.jar;C:\Users\ikhsan\.ivy2\cache\com.zaxxer\HikariCP\bundles\HikariCP-2.2.5.jar;D:\activator-1.3.3\repository\org.slf4j\slf4j-api\1.7.5\jars\slf4j-api.jar;C:\Users\ikhsan\.ivy2\cache\org.javassist\javassist\bundles\javassist-3.18.1-GA.jar;C:\Users\ikhsan\.ivy2\cache\com.typesafe.play\play-json_2.10\jars\play-json_2.10-2.4.0-M1.jar;C:\Users\ikhsan\.ivy2\cache\com.typesafe.play\play-iteratees_2.10\jars\play-iteratees_2.10-2.4.0-M1.jar;C:\Users\ikhsan\.ivy2\cache\org.scala-stm\scala-stm_2.10\jars\scala-stm_2.10-0.7.jar;C:\Users\ikhsan\.ivy2\cache\com.typesafe.play\play-functional_2.10\jars\play-functional_2.10-2.4.0-M1.jar;C:\Users\ikhsan\.ivy2\cache\com.typesafe.play\play-datacommons_2.10\jars\play-datacommons_2.10-2.4.0-M1.jar;C:\Users\ikhsan\.ivy2\cache\joda-time\joda-time\jars\joda-time-2.3.jar;C:\Users\ikhsan\.ivy2\cache\org.joda\joda-convert\jars\joda-convert-1.6.jar;C:\Users\ikhsan\.sbt\boot\scala-2.10.4\lib\scala-reflect.jar;C:\Users\ikhsan\.ivy2\cache\com.fasterxml.jackson.core\jackson-core\bundles\jackson-core-2.3.2.jar;C:\Users\ikhsan\.ivy2\cache\com.fasterxml.jackson.core\jackson-annotations\bundles\jackson-annotations-2.3.2.jar;C:\Users\ikhsan\.ivy2\cache\com.fasterxml.jackson.core\jackson-databind\bundles\jackson-databind-2.3.2.jar
Read from stdout: D:\workspace-scala\scala-rest\src\main\scala\com\ikhsan\scala\dao\DatabaseAccess.scala:4: object mchange is not a member of package com
D:\workspace-scala\scala-rest\src\main\scala\com\ikhsan\scala\dao\DatabaseAccess.scala:4: object mchange is not a member of package com
Read from stdout: import com.mchange.v2.c3p0.ComboPooledDataSource
import com.mchange.v2.c3p0.ComboPooledDataSource
Read from stdout: ^
           ^
Read from stdout: one error found
one error found
Compilation failed (CompilerInterface)
Read from stdout: (compile:compileIncremental) Compilation failed
(compile:compileIncremental) Compilation failed
Total time: 13 s, completed Jun 13, 2015 9:18:32 PM
> server-post-command-error-handler
> server-post-command-cleanup
> server-handle-next-server-request
> {file:/D:/workspace-scala/scala-rest/}scala-rest/compile:mainClass
Evaluating tasks: compile:mainClass
Running task... Cancel: sbt.server.ServerTaskCancellation@171b02d, check cycles: false

Initial source changes: 
	removed:Set(D:\workspace-scala\spray-actor-per-request\src\main\scala\com\netaporter\routing\PerRequest.scala, D:\workspace-scala\spray-actor-per-request\src\main\scala\com\netaporter\clients\DummyClients.scala, D:\workspace-scala\spray-actor-per-request\src\main\scala\com\netaporter\routing\RestRouting.scala, D:\workspace-scala\spray-actor-per-request\src\main\scala\com\netaporter\Boot.scala, D:\workspace-scala\spray-actor-per-request\src\main\scala\com\netaporter\Domain.scala, D:\workspace-scala\spray-actor-per-request\src\main\scala\com\netaporter\core\DummyAppCore.scala)
	added: Set(D:\workspace-scala\scala-rest\src\main\scala\com\ikhsan\scala\dao\DeviceIdentifierDao.scala, D:\workspace-scala\scala-rest\src\main\scala\com\ikhsan\scala\rest\core\DummyAppCore.scala, D:\workspace-scala\scala-rest\src\main\scala\com\ikhsan\scala\rest\clients\Authentication.scala, D:\workspace-scala\scala-rest\src\main\scala\com\ikhsan\scala\rest\clients\DummyClients.scala, D:\workspace-scala\scala-rest\src\main\scala\com\ikhsan\scala\rest\Domain.scala, D:\workspace-scala\scala-rest\src\main\scala\com\ikhsan\scala\dao\repo\util\Time.scala, D:\workspace-scala\scala-rest\src\main\scala\com\ikhsan\scala\dao\DeviceModelDao.scala, D:\workspace-scala\scala-rest\src\main\scala\com\ikhsan\scala\dao\Main.scala, D:\workspace-scala\scala-rest\src\main\scala\com\ikhsan\scala\rest\Boot.scala, D:\workspace-scala\scala-rest\src\main\scala\com\ikhsan\scala\dao\DatabaseAccess.scala, D:\workspace-scala\scala-rest\src\main\scala\com\ikhsan\scala\rest\routing\RestRouting.scala, D:\workspace-scala\scala-rest\src\main\scala\com\ikhsan\scala\rest\routing\PerRequest.scala, D:\workspace-scala\scala-rest\src\main\scala\com\ikhsan\scala\rest\core\ProvisionCore.scala)
	modified: Set()
Removed products: Set(D:\workspace-scala\spray-actor-per-request\target\scala-2.10\classes\com\netaporter\core\GetPetsWithOwnersActor$$anonfun$1.class, D:\workspace-scala\spray-actor-per-request\target\scala-2.10\classes\com\netaporter\routing\PerRequest.class, D:\workspace-scala\spray-actor-per-request\target\scala-2.10\classes\com\netaporter\routing\PerRequest$WithActorRef$.class, D:\workspace-scala\spray-actor-per-request\target\scala-2.10\classes\com\netaporter\Validation$.class, D:\workspace-scala\spray-actor-per-request\target\scala-2.10\classes\com\netaporter\Boot.class, D:\workspace-scala\spray-actor-per-request\target\scala-2.10\classes\com\netaporter\GetPetsWithOwners.class, D:\workspace-scala\spray-actor-per-request\target\scala-2.10\classes\com\netaporter\clients\PetClient$GetPets$.class, D:\workspace-scala\spray-actor-per-request\target\scala-2.10\classes\com\netaporter\routing\PerRequestCreator.class, D:\workspace-scala\spray-actor-per-request\target\scala-2.10\classes\com\netaporter\routing\PerRequest$WithActorRef.class, D:\workspace-scala\spray-actor-per-request\target\scala-2.10\classes\com\netaporter\clients\OwnerClient$OwnersForPets$.class, D:\workspace-scala\spray-actor-per-request\target\scala-2.10\classes\com\netaporter\clients\OwnerClient$OwnersForPets.class, D:\workspace-scala\spray-actor-per-request\target\scala-2.10\classes\com\netaporter\Boot$.class, D:\workspace-scala\spray-actor-per-request\target\scala-2.10\classes\com\netaporter\Boot$delayedInit$body.class, D:\workspace-scala\spray-actor-per-request\target\scala-2.10\classes\com\netaporter\clients\PetClient$Pets.class, D:\workspace-scala\spray-actor-per-request\target\scala-2.10\classes\com\netaporter\clients\OwnerClient$$anonfun$receive$2.class, D:\workspace-scala\spray-actor-per-request\target\scala-2.10\classes\com\netaporter\PetsWithOwners.class, D:\workspace-scala\spray-actor-per-request\target\scala-2.10\classes\com\netaporter\clients\PetClient$Pets$.class, D:\workspace-scala\spray-actor-per-request\target\scala-2.10\classes\com\netaporter\clients\PetClient$.class, D:\workspace-scala\spray-actor-per-request\target\scala-2.10\classes\com\netaporter\routing\PerRequest$$anonfun$receive$1.class, D:\workspace-scala\spray-actor-per-request\target\scala-2.10\classes\com\netaporter\routing\RestRouting$$anonfun$1.class, D:\workspace-scala\spray-actor-per-request\target\scala-2.10\classes\com\netaporter\routing\PerRequest$.class, D:\workspace-scala\spray-actor-per-request\target\scala-2.10\classes\com\netaporter\EnrichedPet.class, D:\workspace-scala\spray-actor-per-request\target\scala-2.10\classes\com\netaporter\clients\PetClient$$anonfun$receive$1.class, D:\workspace-scala\spray-actor-per-request\target\scala-2.10\classes\com\netaporter\clients\PetClient$$anonfun$receive$1$$anonfun$applyOrElse$1.class, D:\workspace-scala\spray-actor-per-request\target\scala-2.10\classes\com\netaporter\Owner.class, D:\workspace-scala\spray-actor-per-request\target\scala-2.10\classes\com\netaporter\routing\PerRequestCreator$$anonfun$perRequest$2.class, D:\workspace-scala\spray-actor-per-request\target\scala-2.10\classes\com\netaporter\core\GetPetsWithOwnersActor$$anonfun$receive$1.class, D:\workspace-scala\spray-actor-per-request\target\scala-2.10\classes\com\netaporter\PetsWithOwners$.class, D:\workspace-scala\spray-actor-per-request\target\scala-2.10\classes\com\netaporter\Owner$.class, D:\workspace-scala\spray-actor-per-request\target\scala-2.10\classes\com\netaporter\routing\PerRequest$WithProps$.class, D:\workspace-scala\spray-actor-per-request\target\scala-2.10\classes\com\netaporter\routing\PerRequest$$anonfun$1.class, D:\workspace-scala\spray-actor-per-request\target\scala-2.10\classes\com\netaporter\Error$.class, D:\workspace-scala\spray-actor-per-request\target\scala-2.10\classes\com\netaporter\PetOverflowException.class, D:\workspace-scala\spray-actor-per-request\target\scala-2.10\classes\com\netaporter\clients\OwnerClient.class, D:\workspace-scala\spray-actor-per-request\target\scala-2.10\classes\com\netaporter\Pet.class, D:\workspace-scala\spray-actor-per-request\target\scala-2.10\classes\com\netaporter\routing\RestRouting$$anonfun$petsWithOwner$1.class, D:\workspace-scala\spray-actor-per-request\target\scala-2.10\classes\com\netaporter\clients\OwnerClient$.class, D:\workspace-scala\spray-actor-per-request\target\scala-2.10\classes\com\netaporter\RestMessage.class, D:\workspace-scala\spray-actor-per-request\target\scala-2.10\classes\com\netaporter\routing\PerRequestCreator$class.class, D:\workspace-scala\spray-actor-per-request\target\scala-2.10\classes\com\netaporter\core\GetPetsWithOwnersActor.class, D:\workspace-scala\spray-actor-per-request\target\scala-2.10\classes\com\netaporter\clients\OwnerClient$GetOwnersForPets.class, D:\workspace-scala\spray-actor-per-request\target\scala-2.10\classes\com\netaporter\GetPetsWithOwners$.class, D:\workspace-scala\spray-actor-per-request\target\scala-2.10\classes\com\netaporter\Pet$.class, D:\workspace-scala\spray-actor-per-request\target\scala-2.10\classes\com\netaporter\clients\PetClient.class, D:\workspace-scala\spray-actor-per-request\target\scala-2.10\classes\com\netaporter\routing\PerRequestCreator$$anonfun$perRequest$1.class, D:\workspace-scala\spray-actor-per-request\target\scala-2.10\classes\com\netaporter\core\GetPetsWithOwnersActor$$anonfun$2.class, D:\workspace-scala\spray-actor-per-request\target\scala-2.10\classes\com\netaporter\routing\PerRequest$WithProps.class, D:\workspace-scala\spray-actor-per-request\target\scala-2.10\classes\com\netaporter\Boot$$anonfun$2.class, D:\workspace-scala\spray-actor-per-request\target\scala-2.10\classes\com\netaporter\routing\RestRouting$$anonfun$petsWithOwner$1$$anonfun$apply$1.class, D:\workspace-scala\spray-actor-per-request\target\scala-2.10\classes\com\netaporter\clients\PetClient$GetPets.class, D:\workspace-scala\spray-actor-per-request\target\scala-2.10\classes\com\netaporter\Validation.class, D:\workspace-scala\spray-actor-per-request\target\scala-2.10\classes\com\netaporter\routing\RestRouting.class, D:\workspace-scala\spray-actor-per-request\target\scala-2.10\classes\com\netaporter\clients\OwnerClient$GetOwnersForPets$.class, D:\workspace-scala\spray-actor-per-request\target\scala-2.10\classes\com\netaporter\Error.class, D:\workspace-scala\spray-actor-per-request\target\scala-2.10\classes\com\netaporter\EnrichedPet$.class, D:\workspace-scala\spray-actor-per-request\target\scala-2.10\classes\com\netaporter\core\GetPetsWithOwnersActor$$anonfun$waitingResponses$1.class, D:\workspace-scala\spray-actor-per-request\target\scala-2.10\classes\com\netaporter\routing\PerRequest$class.class, D:\workspace-scala\spray-actor-per-request\target\scala-2.10\classes\com\netaporter\Boot$$anonfun$1.class, D:\workspace-scala\spray-actor-per-request\target\scala-2.10\classes\com\netaporter\PetOverflowException$.class, D:\workspace-scala\spray-actor-per-request\target\scala-2.10\classes\com\netaporter\clients\OwnerClient$$anonfun$receive$2$$anonfun$1.class)
External API changes: API Changes: Set()
Modified binary dependencies: Set()
Initial directly invalidated sources: Set(D:\workspace-scala\scala-rest\src\main\scala\com\ikhsan\scala\dao\DeviceIdentifierDao.scala, D:\workspace-scala\spray-actor-per-request\src\main\scala\com\netaporter\routing\PerRequest.scala, D:\workspace-scala\scala-rest\src\main\scala\com\ikhsan\scala\rest\core\DummyAppCore.scala, D:\workspace-scala\scala-rest\src\main\scala\com\ikhsan\scala\rest\clients\Authentication.scala, D:\workspace-scala\scala-rest\src\main\scala\com\ikhsan\scala\rest\clients\DummyClients.scala, D:\workspace-scala\scala-rest\src\main\scala\com\ikhsan\scala\rest\Domain.scala, D:\workspace-scala\scala-rest\src\main\scala\com\ikhsan\scala\dao\repo\util\Time.scala, D:\workspace-scala\scala-rest\src\main\scala\com\ikhsan\scala\dao\DeviceModelDao.scala, D:\workspace-scala\scala-rest\src\main\scala\com\ikhsan\scala\dao\Main.scala, D:\workspace-scala\spray-actor-per-request\src\main\scala\com\netaporter\clients\DummyClients.scala, D:\workspace-scala\spray-actor-per-request\src\main\scala\com\netaporter\routing\RestRouting.scala, D:\workspace-scala\spray-actor-per-request\src\main\scala\com\netaporter\Boot.scala, D:\workspace-scala\scala-rest\src\main\scala\com\ikhsan\scala\rest\Boot.scala, D:\workspace-scala\spray-actor-per-request\src\main\scala\com\netaporter\Domain.scala, D:\workspace-scala\scala-rest\src\main\scala\com\ikhsan\scala\dao\DatabaseAccess.scala, D:\workspace-scala\spray-actor-per-request\src\main\scala\com\netaporter\core\DummyAppCore.scala, D:\workspace-scala\scala-rest\src\main\scala\com\ikhsan\scala\rest\routing\RestRouting.scala, D:\workspace-scala\scala-rest\src\main\scala\com\ikhsan\scala\rest\routing\PerRequest.scala, D:\workspace-scala\scala-rest\src\main\scala\com\ikhsan\scala\rest\core\ProvisionCore.scala)

Sources indirectly invalidated by:
	product: Set(D:\workspace-scala\spray-actor-per-request\src\main\scala\com\netaporter\routing\PerRequest.scala, D:\workspace-scala\spray-actor-per-request\src\main\scala\com\netaporter\clients\DummyClients.scala, D:\workspace-scala\spray-actor-per-request\src\main\scala\com\netaporter\routing\RestRouting.scala, D:\workspace-scala\spray-actor-per-request\src\main\scala\com\netaporter\Boot.scala, D:\workspace-scala\spray-actor-per-request\src\main\scala\com\netaporter\Domain.scala, D:\workspace-scala\spray-actor-per-request\src\main\scala\com\netaporter\core\DummyAppCore.scala)
	binary dep: Set()
	external source: Set()
All initially invalidated sources: Set(D:\workspace-scala\scala-rest\src\main\scala\com\ikhsan\scala\dao\DeviceIdentifierDao.scala, D:\workspace-scala\spray-actor-per-request\src\main\scala\com\netaporter\routing\PerRequest.scala, D:\workspace-scala\scala-rest\src\main\scala\com\ikhsan\scala\rest\core\DummyAppCore.scala, D:\workspace-scala\scala-rest\src\main\scala\com\ikhsan\scala\rest\clients\Authentication.scala, D:\workspace-scala\scala-rest\src\main\scala\com\ikhsan\scala\rest\clients\DummyClients.scala, D:\workspace-scala\scala-rest\src\main\scala\com\ikhsan\scala\rest\Domain.scala, D:\workspace-scala\scala-rest\src\main\scala\com\ikhsan\scala\dao\repo\util\Time.scala, D:\workspace-scala\scala-rest\src\main\scala\com\ikhsan\scala\dao\DeviceModelDao.scala, D:\workspace-scala\scala-rest\src\main\scala\com\ikhsan\scala\dao\Main.scala, D:\workspace-scala\spray-actor-per-request\src\main\scala\com\netaporter\clients\DummyClients.scala, D:\workspace-scala\spray-actor-per-request\src\main\scala\com\netaporter\routing\RestRouting.scala, D:\workspace-scala\spray-actor-per-request\src\main\scala\com\netaporter\Boot.scala, D:\workspace-scala\scala-rest\src\main\scala\com\ikhsan\scala\rest\Boot.scala, D:\workspace-scala\spray-actor-per-request\src\main\scala\com\netaporter\Domain.scala, D:\workspace-scala\scala-rest\src\main\scala\com\ikhsan\scala\dao\DatabaseAccess.scala, D:\workspace-scala\spray-actor-per-request\src\main\scala\com\netaporter\core\DummyAppCore.scala, D:\workspace-scala\scala-rest\src\main\scala\com\ikhsan\scala\rest\routing\RestRouting.scala, D:\workspace-scala\scala-rest\src\main\scala\com\ikhsan\scala\rest\routing\PerRequest.scala, D:\workspace-scala\scala-rest\src\main\scala\com\ikhsan\scala\rest\core\ProvisionCore.scala)

Recompiling all 13 sources: invalidated sources (19) exceeded 50.0% of all sources
Read from stdout: Compiling 13 Scala sources to D:\workspace-scala\scala-rest\target\scala-2.10\classes...
Compiling 13 Scala sources to D:\workspace-scala\scala-rest\target\scala-2.10\classes...
Getting compiler-interface from component compiler for Scala 2.10.4
Getting compiler-interface from component compiler for Scala 2.10.4
Running cached compiler 672198, interfacing (CompilerInterface) with Scala compiler version 2.10.4
Calling Scala compiler with arguments  (CompilerInterface):
	-feature
	-unchecked
	-deprecation
	-encoding
	utf8
	-bootclasspath
	C:\Program Files\Java\jdk1.8.0_05\jre\lib\resources.jar;C:\Program Files\Java\jdk1.8.0_05\jre\lib\rt.jar;C:\Program Files\Java\jdk1.8.0_05\jre\lib\sunrsasign.jar;C:\Program Files\Java\jdk1.8.0_05\jre\lib\jsse.jar;C:\Program Files\Java\jdk1.8.0_05\jre\lib\jce.jar;C:\Program Files\Java\jdk1.8.0_05\jre\lib\charsets.jar;C:\Program Files\Java\jdk1.8.0_05\jre\lib\jfr.jar;C:\Program Files\Java\jdk1.8.0_05\jre\classes;C:\Users\ikhsan\.sbt\boot\scala-2.10.4\lib\scala-library.jar
	-classpath
	D:\workspace-scala\scala-rest\target\scala-2.10\classes;C:\Users\ikhsan\.ivy2\cache\com.typesafe.akka\akka-actor_2.10\jars\akka-actor_2.10-2.3.6.jar;C:\Users\ikhsan\.ivy2\cache\com.typesafe\config\bundles\config-1.2.1.jar;C:\Users\ikhsan\.ivy2\cache\io.spray\spray-can_2.10\bundles\spray-can_2.10-1.3.2.jar;C:\Users\ikhsan\.ivy2\cache\io.spray\spray-io_2.10\bundles\spray-io_2.10-1.3.2.jar;C:\Users\ikhsan\.ivy2\cache\io.spray\spray-util_2.10\bundles\spray-util_2.10-1.3.2.jar;C:\Users\ikhsan\.ivy2\cache\io.spray\spray-http_2.10\bundles\spray-http_2.10-1.3.2.jar;D:\activator-1.3.3\repository\org.parboiled\parboiled-scala_2.10\1.1.6\bundles\parboiled-scala_2.10.jar;C:\Users\ikhsan\.ivy2\cache\org.parboiled\parboiled-core\bundles\parboiled-core-1.1.6.jar;C:\Users\ikhsan\.ivy2\cache\io.spray\spray-routing_2.10\bundles\spray-routing_2.10-1.3.2.jar;C:\Users\ikhsan\.ivy2\cache\io.spray\spray-httpx_2.10\bundles\spray-httpx_2.10-1.3.2.jar;D:\activator-1.3.3\repository\org.jvnet.mimepull\mimepull\1.9.4\jars\mimepull.jar;C:\Users\ikhsan\.ivy2\cache\com.chuusai\shapeless_2.10\jars\shapeless_2.10-1.2.4.jar;C:\Users\ikhsan\.ivy2\cache\org.json4s\json4s-native_2.10\jars\json4s-native_2.10-3.2.4.jar;C:\Users\ikhsan\.ivy2\cache\org.json4s\json4s-core_2.10\jars\json4s-core_2.10-3.2.4.jar;C:\Users\ikhsan\.ivy2\cache\org.json4s\json4s-ast_2.10\jars\json4s-ast_2.10-3.2.4.jar;C:\Users\ikhsan\.ivy2\cache\com.thoughtworks.paranamer\paranamer\jars\paranamer-2.5.2.jar;C:\Users\ikhsan\.ivy2\cache\org.scala-lang\scalap\jars\scalap-2.10.0.jar;C:\Users\ikhsan\.ivy2\cache\org.scala-lang\scala-compiler\jars\scala-compiler-2.10.0.jar;C:\Users\ikhsan\.ivy2\cache\com.typesafe.slick\slick_2.10\bundles\slick_2.10-3.0.0.jar;D:\activator-1.3.3\repository\org.reactivestreams\reactive-streams\1.0.0\jars\reactive-streams.jar;D:\activator-1.3.3\repository\org.slf4j\slf4j-nop\1.6.4\jars\slf4j-nop.jar;C:\Users\ikhsan\.ivy2\cache\postgresql\postgresql\jars\postgresql-9.1-901.jdbc4.jar;C:\Users\ikhsan\.ivy2\cache\com.zaxxer\HikariCP\bundles\HikariCP-2.2.5.jar;D:\activator-1.3.3\repository\org.slf4j\slf4j-api\1.7.5\jars\slf4j-api.jar;C:\Users\ikhsan\.ivy2\cache\org.javassist\javassist\bundles\javassist-3.18.1-GA.jar;C:\Users\ikhsan\.ivy2\cache\com.typesafe.play\play-json_2.10\jars\play-json_2.10-2.4.0-M1.jar;C:\Users\ikhsan\.ivy2\cache\com.typesafe.play\play-iteratees_2.10\jars\play-iteratees_2.10-2.4.0-M1.jar;C:\Users\ikhsan\.ivy2\cache\org.scala-stm\scala-stm_2.10\jars\scala-stm_2.10-0.7.jar;C:\Users\ikhsan\.ivy2\cache\com.typesafe.play\play-functional_2.10\jars\play-functional_2.10-2.4.0-M1.jar;C:\Users\ikhsan\.ivy2\cache\com.typesafe.play\play-datacommons_2.10\jars\play-datacommons_2.10-2.4.0-M1.jar;C:\Users\ikhsan\.ivy2\cache\joda-time\joda-time\jars\joda-time-2.3.jar;C:\Users\ikhsan\.ivy2\cache\org.joda\joda-convert\jars\joda-convert-1.6.jar;C:\Users\ikhsan\.sbt\boot\scala-2.10.4\lib\scala-reflect.jar;C:\Users\ikhsan\.ivy2\cache\com.fasterxml.jackson.core\jackson-core\bundles\jackson-core-2.3.2.jar;C:\Users\ikhsan\.ivy2\cache\com.fasterxml.jackson.core\jackson-annotations\bundles\jackson-annotations-2.3.2.jar;C:\Users\ikhsan\.ivy2\cache\com.fasterxml.jackson.core\jackson-databind\bundles\jackson-databind-2.3.2.jar
Read from stdout: D:\workspace-scala\scala-rest\src\main\scala\com\ikhsan\scala\dao\DatabaseAccess.scala:4: object mchange is not a member of package com
D:\workspace-scala\scala-rest\src\main\scala\com\ikhsan\scala\dao\DatabaseAccess.scala:4: object mchange is not a member of package com
Read from stdout: import com.mchange.v2.c3p0.ComboPooledDataSource
import com.mchange.v2.c3p0.ComboPooledDataSource
Read from stdout: ^
           ^
Read from stdout: one error found
one error found
Compilation failed (CompilerInterface)
Read from stdout: (compile:compileIncremental) Compilation failed
(compile:compileIncremental) Compilation failed
Total time: 8 s, completed Jun 13, 2015 9:18:40 PM
> server-post-command-error-handler
> server-post-command-cleanup
> server-handle-next-server-request
Done executing sbt server engine, result Right(Exit(0))
Closing listening server socket
Waiting for socket thread
Waiting for request processor thread
Waiting for command engine result
Returning control to sbt launcher with result Exit(0)
Closing the 4208@crot logs at Sat Jun 13 21:21:05 ICT 2015, goodbye.
